2015/03/24 14:24:38 INFO  - jmeter.util.JMeterUtils: Setting Locale to en_GB 
2015/03/24 14:24:38 INFO  - jmeter.JMeter: Loading user properties from: E:\VPP Working Area\16 Java Advanced\Starting Workspace\Memory\apache-jmeter-2.12\bin\user.properties 
2015/03/24 14:24:38 INFO  - jmeter.JMeter: Loading system properties from: E:\VPP Working Area\16 Java Advanced\Starting Workspace\Memory\apache-jmeter-2.12\bin\system.properties 
2015/03/24 14:24:38 INFO  - jmeter.JMeter: Copyright (c) 1998-2014 The Apache Software Foundation 
2015/03/24 14:24:38 INFO  - jmeter.JMeter: Version 2.12 r1636949 
2015/03/24 14:24:38 INFO  - jmeter.JMeter: java.version=1.8.0_25 
2015/03/24 14:24:38 INFO  - jmeter.JMeter: java.vm.name=Java HotSpot(TM) 64-Bit Server VM 
2015/03/24 14:24:38 INFO  - jmeter.JMeter: os.name=Windows 7 
2015/03/24 14:24:38 INFO  - jmeter.JMeter: os.arch=amd64 
2015/03/24 14:24:38 INFO  - jmeter.JMeter: os.version=6.1 
2015/03/24 14:24:38 INFO  - jmeter.JMeter: file.encoding=Cp1252 
2015/03/24 14:24:38 INFO  - jmeter.JMeter: Default Locale=English (United Kingdom) 
2015/03/24 14:24:38 INFO  - jmeter.JMeter: JMeter  Locale=English (United Kingdom) 
2015/03/24 14:24:38 INFO  - jmeter.JMeter: JMeterHome=E:\VPP Working Area\16 Java Advanced\Starting Workspace\Memory\apache-jmeter-2.12 
2015/03/24 14:24:38 INFO  - jmeter.JMeter: user.dir  =E:\VPP Working Area\16 Java Advanced\Starting Workspace\Memory\apache-jmeter-2.12\bin 
2015/03/24 14:24:38 INFO  - jmeter.JMeter: PWD       =E:\VPP Working Area\16 Java Advanced\Starting Workspace\Memory\apache-jmeter-2.12\bin 
2015/03/24 14:24:38 INFO  - jmeter.JMeter: IP: 10.1.0.29 Name: OFFICE2 FullName: OFFICE2 
2015/03/24 14:24:38 INFO  - jmeter.JMeter: Loaded icon properties from org/apache/jmeter/images/icon.properties 
2015/03/24 14:24:39 INFO  - jmeter.engine.util.CompoundVariable: Note: Function class names must contain the string: '.functions.' 
2015/03/24 14:24:39 INFO  - jmeter.engine.util.CompoundVariable: Note: Function class names must not contain the string: '.gui.' 
2015/03/24 14:24:39 INFO  - jmeter.gui.action.LookAndFeelCommand: Using look and feel: javax.swing.plaf.metal.MetalLookAndFeel [Metal, CrossPlatform] 
2015/03/24 14:24:40 INFO  - jmeter.util.BSFTestElement: Registering JMeter version of JavaScript engine as work-round for BSF-22 
2015/03/24 14:24:40 INFO  - jmeter.protocol.http.sampler.HTTPSamplerBase: Cannot find .className property for htmlParser, using default 
2015/03/24 14:24:40 INFO  - jmeter.protocol.http.sampler.HTTPSamplerBase: Parser for text/html is  
2015/03/24 14:24:40 INFO  - jmeter.protocol.http.sampler.HTTPSamplerBase: Parser for application/xhtml+xml is  
2015/03/24 14:24:40 INFO  - jmeter.protocol.http.sampler.HTTPSamplerBase: Parser for application/xml is  
2015/03/24 14:24:40 INFO  - jmeter.protocol.http.sampler.HTTPSamplerBase: Parser for text/xml is  
2015/03/24 14:24:40 INFO  - jmeter.protocol.http.sampler.HTTPSamplerBase: Parser for text/vnd.wap.wml is org.apache.jmeter.protocol.http.parser.RegexpHTMLParser 
2015/03/24 14:24:40 INFO  - jmeter.gui.util.MenuFactory: Skipping org.apache.jmeter.protocol.http.control.gui.WebServiceSamplerGui 
2015/03/24 14:24:40 INFO  - jmeter.gui.util.MenuFactory: Skipping org.apache.jmeter.protocol.http.modifier.gui.ParamModifierGui 
2015/03/24 14:24:41 INFO  - jorphan.exec.KeyToolUtils: keytool found at 'keytool' 
2015/03/24 14:24:41 INFO  - jmeter.protocol.http.proxy.ProxyControl: HTTP(S) Test Script Recorder SSL Proxy will use keys that support embedded 3rd party resources in file E:\VPP Working Area\16 Java Advanced\Starting Workspace\Memory\apache-jmeter-2.12\bin\proxyserver.jks 
2015/03/24 14:24:41 INFO  - jmeter.samplers.SampleResult: Note: Sample TimeStamps are START times 
2015/03/24 14:24:41 INFO  - jmeter.samplers.SampleResult: sampleresult.default.encoding is set to ISO-8859-1 
2015/03/24 14:24:41 INFO  - jmeter.samplers.SampleResult: sampleresult.useNanoTime=true 
2015/03/24 14:24:41 INFO  - jmeter.samplers.SampleResult: sampleresult.nanoThreadSleep=5000 
2015/03/24 14:25:43 INFO  - jmeter.protocol.http.control.CookieManager: Settings: Delete null: true Check: true Allow variable: true Save: false Prefix: COOKIE_ 
2015/03/24 14:27:45 INFO  - jmeter.services.FileServer: Default base='E:\VPP Working Area\16 Java Advanced\Starting Workspace\Memory\apache-jmeter-2.12\bin' 
2015/03/24 14:27:45 INFO  - jmeter.services.FileServer: Set new base='E:\VPP Working Area\16 Java Advanced\Starting Workspace\Memory\apache-jmeter-2.12\bin' 
2015/03/24 14:27:46 INFO  - jmeter.save.SaveService: Testplan (JMX) version: 2.2. Testlog (JTL) version: 2.2 
2015/03/24 14:27:46 INFO  - jmeter.save.SaveService: Using SaveService properties file encoding UTF-8 
2015/03/24 14:27:46 INFO  - jmeter.save.SaveService: Using SaveService properties version 2.7 
2015/03/24 14:27:46 INFO  - jmeter.save.SaveService: Using SaveService properties file version 1618048 
2015/03/24 14:27:46 INFO  - jmeter.save.SaveService: All converter versions present and correct 
2015/03/24 14:27:46 INFO  - jmeter.engine.StandardJMeterEngine: Listeners will be started after enabling running version 
2015/03/24 14:27:46 INFO  - jmeter.engine.StandardJMeterEngine: To revert to the earlier behaviour, define jmeterengine.startlistenerslater=false 
2015/03/24 14:27:46 INFO  - jmeter.engine.StandardJMeterEngine: Running the test! 
2015/03/24 14:27:46 INFO  - jmeter.samplers.SampleEvent: List of sample_variables: [] 
2015/03/24 14:27:46 INFO  - jmeter.samplers.SampleEvent: List of sample_variables: [] 
2015/03/24 14:27:46 INFO  - jmeter.gui.util.JMeterMenuBar: setRunning(true,*local*) 
2015/03/24 14:27:46 INFO  - jmeter.engine.StandardJMeterEngine: Starting ThreadGroup: 1 : Thread Group 
2015/03/24 14:27:46 INFO  - jmeter.engine.StandardJMeterEngine: Starting 200 threads for group Thread Group. 
2015/03/24 14:27:46 INFO  - jmeter.engine.StandardJMeterEngine: Thread will continue on error 
2015/03/24 14:27:46 INFO  - jmeter.threads.ThreadGroup: Starting thread group number 1 threads 200 ramp-up 1 perThread 5.0 delayedStart=false 
2015/03/24 14:27:46 INFO  - jmeter.threads.JMeterThread: jmeterthread.startearlier=true (see jmeter.properties) 
2015/03/24 14:27:46 INFO  - jmeter.threads.JMeterThread: Running PostProcessors in forward order 
2015/03/24 14:27:46 INFO  - jmeter.threads.JMeterThread: Thread started: Thread Group 1-1 
2015/03/24 14:27:46 INFO  - jmeter.threads.JMeterThread: Thread started: Thread Group 1-2 
2015/03/24 14:27:46 INFO  - jmeter.threads.JMeterThread: Thread started: Thread Group 1-3 
2015/03/24 14:27:46 INFO  - jmeter.threads.JMeterThread: Thread started: Thread Group 1-4 
2015/03/24 14:27:46 INFO  - jmeter.threads.JMeterThread: Thread started: Thread Group 1-6 
2015/03/24 14:27:46 INFO  - jmeter.threads.ThreadGroup: Started thread group number 1 
2015/03/24 14:27:46 INFO  - jmeter.engine.StandardJMeterEngine: All thread groups have been started 
2015/03/24 14:27:46 INFO  - jmeter.threads.JMeterThread: Thread started: Thread Group 1-7 
2015/03/24 14:27:46 INFO  - jmeter.threads.JMeterThread: Thread started: Thread Group 1-5 
2015/03/24 14:27:46 INFO  - jmeter.threads.JMeterThread: Thread started: Thread Group 1-8 
2015/03/24 14:27:46 INFO  - jmeter.threads.JMeterThread: Thread started: Thread Group 1-9 
2015/03/24 14:27:46 INFO  - jmeter.threads.JMeterThread: Thread started: Thread Group 1-10 
2015/03/24 14:27:46 INFO  - jmeter.protocol.http.sampler.HTTPHCAbstractImpl: Local host = OFFICE2 
2015/03/24 14:27:46 INFO  - jmeter.protocol.http.sampler.HTTPHC4Impl: HTTP request retry count = 0 
2015/03/24 14:27:46 INFO  - jmeter.threads.JMeterThread: Thread started: Thread Group 1-11 
2015/03/24 14:27:46 INFO  - jmeter.threads.JMeterThread: Thread started: Thread Group 1-13 
2015/03/24 14:27:46 INFO  - jmeter.threads.JMeterThread: Thread started: Thread Group 1-12 
2015/03/24 14:27:46 INFO  - jmeter.protocol.http.sampler.HTTPHC4Impl: Setting up HTTPS TrustAll scheme 
2015/03/24 14:27:46 INFO  - jmeter.util.JsseSSLManager: Using default SSL protocol: TLS 
2015/03/24 14:27:46 INFO  - jmeter.util.JsseSSLManager: SSL session context: per-thread 
2015/03/24 14:27:46 INFO  - jmeter.threads.JMeterThread: Thread started: Thread Group 1-14 
2015/03/24 14:27:46 INFO  - jmeter.threads.JMeterThread: Thread started: Thread Group 1-15 
2015/03/24 14:27:46 INFO  - jmeter.threads.JMeterThread: Thread started: Thread Group 1-16 
2015/03/24 14:27:46 INFO  - jmeter.threads.JMeterThread: Thread started: Thread Group 1-17 
2015/03/24 14:27:46 INFO  - jmeter.threads.JMeterThread: Thread started: Thread Group 1-18 
2015/03/24 14:27:46 INFO  - jmeter.threads.JMeterThread: Thread started: Thread Group 1-19 
2015/03/24 14:27:46 INFO  - jmeter.threads.JMeterThread: Thread started: Thread Group 1-21 
2015/03/24 14:27:46 INFO  - jmeter.threads.JMeterThread: Thread started: Thread Group 1-20 
2015/03/24 14:27:46 INFO  - jmeter.threads.JMeterThread: Thread started: Thread Group 1-22 
2015/03/24 14:27:46 INFO  - jmeter.threads.JMeterThread: Thread started: Thread Group 1-23 
2015/03/24 14:27:46 INFO  - jmeter.threads.JMeterThread: Thread started: Thread Group 1-25 
2015/03/24 14:27:46 INFO  - jmeter.threads.JMeterThread: Thread started: Thread Group 1-24 
2015/03/24 14:27:46 INFO  - jmeter.threads.JMeterThread: Thread started: Thread Group 1-26 
2015/03/24 14:27:46 INFO  - jmeter.threads.JMeterThread: Thread started: Thread Group 1-27 
2015/03/24 14:27:46 INFO  - jmeter.threads.JMeterThread: Thread started: Thread Group 1-28 
2015/03/24 14:27:46 INFO  - jmeter.threads.JMeterThread: Thread started: Thread Group 1-30 
2015/03/24 14:27:46 INFO  - jmeter.threads.JMeterThread: Thread started: Thread Group 1-29 
2015/03/24 14:27:46 INFO  - jmeter.threads.JMeterThread: Thread started: Thread Group 1-31 
2015/03/24 14:27:46 INFO  - jmeter.threads.JMeterThread: Thread started: Thread Group 1-33 
2015/03/24 14:27:46 INFO  - jmeter.threads.JMeterThread: Thread started: Thread Group 1-32 
2015/03/24 14:27:46 INFO  - jmeter.threads.JMeterThread: Thread started: Thread Group 1-34 
2015/03/24 14:27:46 INFO  - jmeter.threads.JMeterThread: Thread started: Thread Group 1-35 
2015/03/24 14:27:46 INFO  - jmeter.threads.JMeterThread: Thread started: Thread Group 1-36 
2015/03/24 14:27:46 INFO  - jmeter.threads.JMeterThread: Thread started: Thread Group 1-37 
2015/03/24 14:27:46 INFO  - jmeter.threads.JMeterThread: Thread started: Thread Group 1-38 
2015/03/24 14:27:46 INFO  - jmeter.threads.JMeterThread: Thread started: Thread Group 1-39 
2015/03/24 14:27:46 INFO  - jmeter.threads.JMeterThread: Thread started: Thread Group 1-40 
2015/03/24 14:27:46 INFO  - jmeter.threads.JMeterThread: Thread started: Thread Group 1-41 
2015/03/24 14:27:46 INFO  - jmeter.threads.JMeterThread: Thread started: Thread Group 1-42 
2015/03/24 14:27:46 INFO  - jmeter.threads.JMeterThread: Thread started: Thread Group 1-43 
2015/03/24 14:27:46 INFO  - jmeter.threads.JMeterThread: Thread started: Thread Group 1-44 
2015/03/24 14:27:46 INFO  - jmeter.threads.JMeterThread: Thread started: Thread Group 1-45 
2015/03/24 14:27:46 INFO  - jmeter.threads.JMeterThread: Thread started: Thread Group 1-46 
2015/03/24 14:27:46 INFO  - jmeter.threads.JMeterThread: Thread started: Thread Group 1-47 
2015/03/24 14:27:46 INFO  - jmeter.threads.JMeterThread: Thread started: Thread Group 1-49 
2015/03/24 14:27:46 INFO  - jmeter.threads.JMeterThread: Thread started: Thread Group 1-48 
2015/03/24 14:27:46 INFO  - jmeter.threads.JMeterThread: Thread started: Thread Group 1-50 
2015/03/24 14:27:46 INFO  - jmeter.threads.JMeterThread: Thread started: Thread Group 1-51 
2015/03/24 14:27:46 INFO  - jmeter.threads.JMeterThread: Thread started: Thread Group 1-52 
2015/03/24 14:27:46 INFO  - jmeter.threads.JMeterThread: Thread started: Thread Group 1-53 
2015/03/24 14:27:46 INFO  - jmeter.threads.JMeterThread: Thread started: Thread Group 1-54 
2015/03/24 14:27:46 INFO  - jmeter.threads.JMeterThread: Thread started: Thread Group 1-55 
2015/03/24 14:27:46 INFO  - jmeter.threads.JMeterThread: Thread started: Thread Group 1-56 
2015/03/24 14:27:46 INFO  - jmeter.threads.JMeterThread: Thread started: Thread Group 1-57 
2015/03/24 14:27:46 INFO  - jmeter.threads.JMeterThread: Thread started: Thread Group 1-58 
2015/03/24 14:27:46 INFO  - jmeter.threads.JMeterThread: Thread started: Thread Group 1-60 
2015/03/24 14:27:46 INFO  - jmeter.threads.JMeterThread: Thread started: Thread Group 1-59 
2015/03/24 14:27:46 INFO  - jmeter.threads.JMeterThread: Thread started: Thread Group 1-61 
2015/03/24 14:27:46 INFO  - jmeter.threads.JMeterThread: Thread started: Thread Group 1-62 
2015/03/24 14:27:46 INFO  - jmeter.threads.JMeterThread: Thread started: Thread Group 1-64 
2015/03/24 14:27:46 INFO  - jmeter.threads.JMeterThread: Thread started: Thread Group 1-65 
2015/03/24 14:27:46 INFO  - jmeter.threads.JMeterThread: Thread started: Thread Group 1-63 
2015/03/24 14:27:46 INFO  - jmeter.threads.JMeterThread: Thread started: Thread Group 1-66 
2015/03/24 14:27:46 INFO  - jmeter.threads.JMeterThread: Thread started: Thread Group 1-67 
2015/03/24 14:27:46 INFO  - jmeter.threads.JMeterThread: Thread started: Thread Group 1-68 
2015/03/24 14:27:46 INFO  - jmeter.threads.JMeterThread: Thread started: Thread Group 1-69 
2015/03/24 14:27:46 INFO  - jmeter.threads.JMeterThread: Thread started: Thread Group 1-70 
2015/03/24 14:27:46 INFO  - jmeter.threads.JMeterThread: Thread started: Thread Group 1-71 
2015/03/24 14:27:46 INFO  - jmeter.threads.JMeterThread: Thread started: Thread Group 1-72 
2015/03/24 14:27:46 INFO  - jmeter.threads.JMeterThread: Thread started: Thread Group 1-73 
2015/03/24 14:27:46 INFO  - jmeter.threads.JMeterThread: Thread started: Thread Group 1-74 
2015/03/24 14:27:46 INFO  - jmeter.threads.JMeterThread: Thread started: Thread Group 1-75 
2015/03/24 14:27:46 INFO  - jmeter.threads.JMeterThread: Thread started: Thread Group 1-76 
2015/03/24 14:27:46 INFO  - jmeter.threads.JMeterThread: Thread started: Thread Group 1-77 
2015/03/24 14:27:46 INFO  - jmeter.threads.JMeterThread: Thread started: Thread Group 1-78 
2015/03/24 14:27:46 INFO  - jmeter.threads.JMeterThread: Thread started: Thread Group 1-79 
2015/03/24 14:27:46 INFO  - jmeter.threads.JMeterThread: Thread started: Thread Group 1-80 
2015/03/24 14:27:46 INFO  - jmeter.threads.JMeterThread: Thread started: Thread Group 1-82 
2015/03/24 14:27:46 INFO  - jmeter.threads.JMeterThread: Thread started: Thread Group 1-83 
2015/03/24 14:27:46 INFO  - jmeter.threads.JMeterThread: Thread started: Thread Group 1-84 
2015/03/24 14:27:46 INFO  - jmeter.threads.JMeterThread: Thread started: Thread Group 1-86 
2015/03/24 14:27:46 INFO  - jmeter.threads.JMeterThread: Thread started: Thread Group 1-87 
2015/03/24 14:27:46 INFO  - jmeter.threads.JMeterThread: Thread started: Thread Group 1-88 
2015/03/24 14:27:46 INFO  - jmeter.threads.JMeterThread: Thread started: Thread Group 1-85 
2015/03/24 14:27:46 INFO  - jmeter.threads.JMeterThread: Thread started: Thread Group 1-91 
2015/03/24 14:27:46 INFO  - jmeter.threads.JMeterThread: Thread started: Thread Group 1-92 
2015/03/24 14:27:46 INFO  - jmeter.threads.JMeterThread: Thread started: Thread Group 1-90 
2015/03/24 14:27:46 INFO  - jmeter.threads.JMeterThread: Thread started: Thread Group 1-94 
2015/03/24 14:27:46 INFO  - jmeter.threads.JMeterThread: Thread started: Thread Group 1-89 
2015/03/24 14:27:46 INFO  - jmeter.threads.JMeterThread: Thread started: Thread Group 1-95 
2015/03/24 14:27:46 INFO  - jmeter.threads.JMeterThread: Thread started: Thread Group 1-96 
2015/03/24 14:27:46 INFO  - jmeter.threads.JMeterThread: Thread started: Thread Group 1-98 
2015/03/24 14:27:46 INFO  - jmeter.threads.JMeterThread: Thread started: Thread Group 1-93 
2015/03/24 14:27:46 INFO  - jmeter.threads.JMeterThread: Thread started: Thread Group 1-81 
2015/03/24 14:27:46 INFO  - jmeter.threads.JMeterThread: Thread started: Thread Group 1-100 
2015/03/24 14:27:46 INFO  - jmeter.threads.JMeterThread: Thread started: Thread Group 1-97 
2015/03/24 14:27:46 INFO  - jmeter.threads.JMeterThread: Thread started: Thread Group 1-99 
2015/03/24 14:27:46 INFO  - jmeter.threads.JMeterThread: Thread started: Thread Group 1-103 
2015/03/24 14:27:46 INFO  - jmeter.threads.JMeterThread: Thread started: Thread Group 1-102 
2015/03/24 14:27:46 INFO  - jmeter.threads.JMeterThread: Thread started: Thread Group 1-104 
2015/03/24 14:27:46 INFO  - jmeter.threads.JMeterThread: Thread started: Thread Group 1-114 
2015/03/24 14:27:46 INFO  - jmeter.threads.JMeterThread: Thread started: Thread Group 1-115 
2015/03/24 14:27:46 INFO  - jmeter.threads.JMeterThread: Thread started: Thread Group 1-109 
2015/03/24 14:27:46 INFO  - jmeter.threads.JMeterThread: Thread started: Thread Group 1-112 
2015/03/24 14:27:46 INFO  - jmeter.threads.JMeterThread: Thread started: Thread Group 1-116 
2015/03/24 14:27:46 INFO  - jmeter.threads.JMeterThread: Thread started: Thread Group 1-111 
2015/03/24 14:27:46 INFO  - jmeter.threads.JMeterThread: Thread started: Thread Group 1-113 
2015/03/24 14:27:46 INFO  - jmeter.threads.JMeterThread: Thread started: Thread Group 1-110 
2015/03/24 14:27:46 INFO  - jmeter.threads.JMeterThread: Thread started: Thread Group 1-108 
2015/03/24 14:27:46 INFO  - jmeter.threads.JMeterThread: Thread started: Thread Group 1-118 
2015/03/24 14:27:46 INFO  - jmeter.threads.JMeterThread: Thread started: Thread Group 1-107 
2015/03/24 14:27:46 INFO  - jmeter.threads.JMeterThread: Thread started: Thread Group 1-106 
2015/03/24 14:27:46 INFO  - jmeter.threads.JMeterThread: Thread started: Thread Group 1-119 
2015/03/24 14:27:46 INFO  - jmeter.threads.JMeterThread: Thread started: Thread Group 1-105 
2015/03/24 14:27:46 INFO  - jmeter.threads.JMeterThread: Thread started: Thread Group 1-101 
2015/03/24 14:27:46 INFO  - jmeter.threads.JMeterThread: Thread started: Thread Group 1-117 
2015/03/24 14:27:46 INFO  - jmeter.threads.JMeterThread: Thread started: Thread Group 1-120 
2015/03/24 14:27:46 INFO  - jmeter.threads.JMeterThread: Thread started: Thread Group 1-123 
2015/03/24 14:27:46 INFO  - jmeter.threads.JMeterThread: Thread started: Thread Group 1-121 
2015/03/24 14:27:46 INFO  - jmeter.threads.JMeterThread: Thread started: Thread Group 1-124 
2015/03/24 14:27:46 INFO  - jmeter.threads.JMeterThread: Thread started: Thread Group 1-127 
2015/03/24 14:27:46 INFO  - jmeter.threads.JMeterThread: Thread started: Thread Group 1-128 
2015/03/24 14:27:46 INFO  - jmeter.threads.JMeterThread: Thread started: Thread Group 1-122 
2015/03/24 14:27:46 INFO  - jmeter.threads.JMeterThread: Thread started: Thread Group 1-126 
2015/03/24 14:27:46 INFO  - jmeter.threads.JMeterThread: Thread started: Thread Group 1-125 
2015/03/24 14:27:46 INFO  - jmeter.threads.JMeterThread: Thread started: Thread Group 1-131 
2015/03/24 14:27:46 INFO  - jmeter.threads.JMeterThread: Thread started: Thread Group 1-130 
2015/03/24 14:27:46 INFO  - jmeter.threads.JMeterThread: Thread started: Thread Group 1-132 
2015/03/24 14:27:46 INFO  - jmeter.threads.JMeterThread: Thread started: Thread Group 1-129 
2015/03/24 14:27:47 INFO  - jmeter.threads.JMeterThread: Thread started: Thread Group 1-135 
2015/03/24 14:27:47 INFO  - jmeter.threads.JMeterThread: Thread started: Thread Group 1-136 
2015/03/24 14:27:47 INFO  - jmeter.threads.JMeterThread: Thread started: Thread Group 1-133 
2015/03/24 14:27:47 INFO  - jmeter.threads.JMeterThread: Thread started: Thread Group 1-134 
2015/03/24 14:27:47 INFO  - jmeter.threads.JMeterThread: Thread started: Thread Group 1-139 
2015/03/24 14:27:47 INFO  - jmeter.threads.JMeterThread: Thread started: Thread Group 1-140 
2015/03/24 14:27:47 INFO  - jmeter.threads.JMeterThread: Thread started: Thread Group 1-138 
2015/03/24 14:27:47 INFO  - jmeter.threads.JMeterThread: Thread started: Thread Group 1-137 
2015/03/24 14:27:47 INFO  - jmeter.threads.JMeterThread: Thread started: Thread Group 1-142 
2015/03/24 14:27:47 INFO  - jmeter.threads.JMeterThread: Thread started: Thread Group 1-143 
2015/03/24 14:27:47 INFO  - jmeter.threads.JMeterThread: Thread started: Thread Group 1-144 
2015/03/24 14:27:47 INFO  - jmeter.threads.JMeterThread: Thread started: Thread Group 1-141 
2015/03/24 14:27:47 INFO  - jmeter.threads.JMeterThread: Thread started: Thread Group 1-146 
2015/03/24 14:27:47 INFO  - jmeter.threads.JMeterThread: Thread started: Thread Group 1-147 
2015/03/24 14:27:47 INFO  - jmeter.threads.JMeterThread: Thread started: Thread Group 1-148 
2015/03/24 14:27:47 INFO  - jmeter.threads.JMeterThread: Thread started: Thread Group 1-145 
2015/03/24 14:27:47 INFO  - jmeter.threads.JMeterThread: Thread started: Thread Group 1-150 
2015/03/24 14:27:47 INFO  - jmeter.threads.JMeterThread: Thread started: Thread Group 1-152 
2015/03/24 14:27:47 INFO  - jmeter.threads.JMeterThread: Thread started: Thread Group 1-149 
2015/03/24 14:27:47 INFO  - jmeter.threads.JMeterThread: Thread started: Thread Group 1-151 
2015/03/24 14:27:47 INFO  - jmeter.threads.JMeterThread: Thread started: Thread Group 1-154 
2015/03/24 14:27:47 INFO  - jmeter.threads.JMeterThread: Thread started: Thread Group 1-155 
2015/03/24 14:27:47 INFO  - jmeter.threads.JMeterThread: Thread started: Thread Group 1-156 
2015/03/24 14:27:47 INFO  - jmeter.threads.JMeterThread: Thread started: Thread Group 1-153 
2015/03/24 14:27:47 INFO  - jmeter.threads.JMeterThread: Thread started: Thread Group 1-158 
2015/03/24 14:27:47 INFO  - jmeter.threads.JMeterThread: Thread started: Thread Group 1-159 
2015/03/24 14:27:47 INFO  - jmeter.threads.JMeterThread: Thread started: Thread Group 1-160 
2015/03/24 14:27:47 INFO  - jmeter.threads.JMeterThread: Thread started: Thread Group 1-157 
2015/03/24 14:27:47 INFO  - jmeter.threads.JMeterThread: Thread started: Thread Group 1-162 
2015/03/24 14:27:47 INFO  - jmeter.threads.JMeterThread: Thread started: Thread Group 1-163 
2015/03/24 14:27:47 INFO  - jmeter.threads.JMeterThread: Thread started: Thread Group 1-164 
2015/03/24 14:27:47 INFO  - jmeter.threads.JMeterThread: Thread started: Thread Group 1-161 
2015/03/24 14:27:47 INFO  - jmeter.threads.JMeterThread: Thread started: Thread Group 1-165 
2015/03/24 14:27:47 INFO  - jmeter.threads.JMeterThread: Thread started: Thread Group 1-167 
2015/03/24 14:27:47 INFO  - jmeter.threads.JMeterThread: Thread started: Thread Group 1-166 
2015/03/24 14:27:47 INFO  - jmeter.threads.JMeterThread: Thread started: Thread Group 1-168 
2015/03/24 14:27:47 INFO  - jmeter.threads.JMeterThread: Thread started: Thread Group 1-170 
2015/03/24 14:27:47 INFO  - jmeter.threads.JMeterThread: Thread started: Thread Group 1-171 
2015/03/24 14:27:47 INFO  - jmeter.threads.JMeterThread: Thread started: Thread Group 1-169 
2015/03/24 14:27:47 INFO  - jmeter.threads.JMeterThread: Thread started: Thread Group 1-172 
2015/03/24 14:27:47 INFO  - jmeter.threads.JMeterThread: Thread started: Thread Group 1-174 
2015/03/24 14:27:47 INFO  - jmeter.threads.JMeterThread: Thread started: Thread Group 1-175 
2015/03/24 14:27:47 INFO  - jmeter.threads.JMeterThread: Thread started: Thread Group 1-173 
2015/03/24 14:27:47 INFO  - jmeter.threads.JMeterThread: Thread started: Thread Group 1-176 
2015/03/24 14:27:47 INFO  - jmeter.threads.JMeterThread: Thread started: Thread Group 1-178 
2015/03/24 14:27:47 INFO  - jmeter.threads.JMeterThread: Thread started: Thread Group 1-179 
2015/03/24 14:27:47 INFO  - jmeter.threads.JMeterThread: Thread started: Thread Group 1-180 
2015/03/24 14:27:47 INFO  - jmeter.threads.JMeterThread: Thread started: Thread Group 1-177 
2015/03/24 14:27:47 INFO  - jmeter.threads.JMeterThread: Thread started: Thread Group 1-182 
2015/03/24 14:27:47 INFO  - jmeter.threads.JMeterThread: Thread started: Thread Group 1-183 
2015/03/24 14:27:47 INFO  - jmeter.threads.JMeterThread: Thread started: Thread Group 1-181 
2015/03/24 14:27:47 INFO  - jmeter.threads.JMeterThread: Thread started: Thread Group 1-184 
2015/03/24 14:27:47 INFO  - jmeter.threads.JMeterThread: Thread started: Thread Group 1-186 
2015/03/24 14:27:47 INFO  - jmeter.threads.JMeterThread: Thread started: Thread Group 1-187 
2015/03/24 14:27:47 INFO  - jmeter.threads.JMeterThread: Thread started: Thread Group 1-185 
2015/03/24 14:27:47 INFO  - jmeter.threads.JMeterThread: Thread started: Thread Group 1-188 
2015/03/24 14:27:47 INFO  - jmeter.threads.JMeterThread: Thread started: Thread Group 1-190 
2015/03/24 14:27:47 INFO  - jmeter.threads.JMeterThread: Thread started: Thread Group 1-189 
2015/03/24 14:27:47 INFO  - jmeter.threads.JMeterThread: Thread started: Thread Group 1-192 
2015/03/24 14:27:47 INFO  - jmeter.threads.JMeterThread: Thread started: Thread Group 1-191 
2015/03/24 14:27:47 INFO  - jmeter.threads.JMeterThread: Thread started: Thread Group 1-194 
2015/03/24 14:27:47 INFO  - jmeter.threads.JMeterThread: Thread started: Thread Group 1-195 
2015/03/24 14:27:47 INFO  - jmeter.threads.JMeterThread: Thread started: Thread Group 1-196 
2015/03/24 14:27:47 INFO  - jmeter.threads.JMeterThread: Thread started: Thread Group 1-193 
2015/03/24 14:27:47 INFO  - jmeter.threads.JMeterThread: Thread started: Thread Group 1-198 
2015/03/24 14:27:47 INFO  - jmeter.threads.JMeterThread: Thread started: Thread Group 1-199 
2015/03/24 14:27:47 INFO  - jmeter.threads.JMeterThread: Thread started: Thread Group 1-197 
2015/03/24 14:27:47 INFO  - jmeter.threads.JMeterThread: Thread started: Thread Group 1-200 
2015/03/24 14:30:10 INFO  - jmeter.gui.action.Start: Shutting test down 
2015/03/24 14:30:10 INFO  - jmeter.threads.JMeterThread: Stopping: Thread Group 1-112 
2015/03/24 14:30:10 INFO  - jmeter.threads.JMeterThread: Stopping: Thread Group 1-107 
2015/03/24 14:30:10 INFO  - jmeter.threads.JMeterThread: Stopping: Thread Group 1-143 
2015/03/24 14:30:10 INFO  - jmeter.threads.JMeterThread: Stopping: Thread Group 1-21 
2015/03/24 14:30:10 INFO  - jmeter.threads.JMeterThread: Stopping: Thread Group 1-23 
2015/03/24 14:30:10 INFO  - jmeter.threads.JMeterThread: Stopping: Thread Group 1-175 
2015/03/24 14:30:10 INFO  - jmeter.threads.JMeterThread: Stopping: Thread Group 1-29 
2015/03/24 14:30:10 INFO  - jmeter.threads.JMeterThread: Stopping: Thread Group 1-71 
2015/03/24 14:30:10 INFO  - jmeter.threads.JMeterThread: Stopping: Thread Group 1-195 
2015/03/24 14:30:10 INFO  - jmeter.threads.JMeterThread: Stopping: Thread Group 1-158 
2015/03/24 14:30:10 INFO  - jmeter.threads.JMeterThread: Stopping: Thread Group 1-159 
2015/03/24 14:30:10 INFO  - jmeter.threads.JMeterThread: Stopping: Thread Group 1-160 
2015/03/24 14:30:10 INFO  - jmeter.threads.JMeterThread: Stopping: Thread Group 1-141 
2015/03/24 14:30:10 INFO  - jmeter.threads.JMeterThread: Stopping: Thread Group 1-93 
2015/03/24 14:30:10 INFO  - jmeter.threads.JMeterThread: Stopping: Thread Group 1-57 
2015/03/24 14:30:10 INFO  - jmeter.threads.JMeterThread: Stopping: Thread Group 1-142 
2015/03/24 14:30:10 INFO  - jmeter.threads.JMeterThread: Stopping: Thread Group 1-62 
2015/03/24 14:30:10 INFO  - jmeter.threads.JMeterThread: Stopping: Thread Group 1-50 
2015/03/24 14:30:10 INFO  - jmeter.threads.JMeterThread: Stopping: Thread Group 1-35 
2015/03/24 14:30:10 INFO  - jmeter.threads.JMeterThread: Stopping: Thread Group 1-49 
2015/03/24 14:30:10 INFO  - jmeter.threads.JMeterThread: Stopping: Thread Group 1-130 
2015/03/24 14:30:10 INFO  - jmeter.threads.JMeterThread: Stopping: Thread Group 1-197 
2015/03/24 14:30:10 INFO  - jmeter.threads.JMeterThread: Stopping: Thread Group 1-38 
2015/03/24 14:30:10 INFO  - jmeter.threads.JMeterThread: Stopping: Thread Group 1-102 
2015/03/24 14:30:10 INFO  - jmeter.threads.JMeterThread: Stopping: Thread Group 1-53 
2015/03/24 14:30:10 INFO  - jmeter.threads.JMeterThread: Thread finished: Thread Group 1-141 
2015/03/24 14:30:10 INFO  - jmeter.threads.JMeterThread: Stopping: Thread Group 1-56 
2015/03/24 14:30:10 INFO  - jmeter.threads.JMeterThread: Stopping: Thread Group 1-22 
2015/03/24 14:30:10 INFO  - jmeter.threads.JMeterThread: Thread finished: Thread Group 1-175 
2015/03/24 14:30:10 INFO  - jmeter.threads.JMeterThread: Stopping: Thread Group 1-185 
2015/03/24 14:30:10 INFO  - jmeter.threads.JMeterThread: Stopping: Thread Group 1-63 
2015/03/24 14:30:10 INFO  - jmeter.threads.JMeterThread: Stopping: Thread Group 1-91 
2015/03/24 14:30:10 INFO  - jmeter.threads.JMeterThread: Stopping: Thread Group 1-113 
2015/03/24 14:30:10 INFO  - jmeter.threads.JMeterThread: Stopping: Thread Group 1-193 
2015/03/24 14:30:10 INFO  - jmeter.threads.JMeterThread: Stopping: Thread Group 1-44 
2015/03/24 14:30:10 INFO  - jmeter.threads.JMeterThread: Stopping: Thread Group 1-192 
2015/03/24 14:30:10 INFO  - jmeter.threads.JMeterThread: Stopping: Thread Group 1-176 
2015/03/24 14:30:10 INFO  - jmeter.threads.JMeterThread: Stopping: Thread Group 1-74 
2015/03/24 14:30:10 INFO  - jmeter.threads.JMeterThread: Stopping: Thread Group 1-156 
2015/03/24 14:30:10 INFO  - jmeter.threads.JMeterThread: Stopping: Thread Group 1-36 
2015/03/24 14:30:10 INFO  - jmeter.threads.JMeterThread: Stopping: Thread Group 1-41 
2015/03/24 14:30:10 INFO  - jmeter.threads.JMeterThread: Stopping: Thread Group 1-200 
2015/03/24 14:30:10 INFO  - jmeter.threads.JMeterThread: Stopping: Thread Group 1-90 
2015/03/24 14:30:10 INFO  - jmeter.threads.JMeterThread: Stopping: Thread Group 1-181 
2015/03/24 14:30:10 INFO  - jmeter.threads.JMeterThread: Stopping: Thread Group 1-79 
2015/03/24 14:30:10 INFO  - jmeter.threads.JMeterThread: Thread finished: Thread Group 1-71 
2015/03/24 14:30:10 INFO  - jmeter.threads.JMeterThread: Stopping: Thread Group 1-136 
2015/03/24 14:30:10 INFO  - jmeter.threads.JMeterThread: Stopping: Thread Group 1-103 
2015/03/24 14:30:10 INFO  - jmeter.threads.JMeterThread: Stopping: Thread Group 1-170 
2015/03/24 14:30:10 INFO  - jmeter.threads.JMeterThread: Stopping: Thread Group 1-39 
2015/03/24 14:30:10 INFO  - jmeter.threads.JMeterThread: Stopping: Thread Group 1-40 
2015/03/24 14:30:10 INFO  - jmeter.threads.JMeterThread: Stopping: Thread Group 1-191 
2015/03/24 14:30:10 INFO  - jmeter.threads.JMeterThread: Stopping: Thread Group 1-124 
2015/03/24 14:30:10 INFO  - jmeter.threads.JMeterThread: Stopping: Thread Group 1-76 
2015/03/24 14:30:10 INFO  - jmeter.threads.JMeterThread: Stopping: Thread Group 1-75 
2015/03/24 14:30:10 INFO  - jmeter.threads.JMeterThread: Stopping: Thread Group 1-120 
2015/03/24 14:30:10 INFO  - jmeter.threads.JMeterThread: Stopping: Thread Group 1-174 
2015/03/24 14:30:10 INFO  - jmeter.threads.JMeterThread: Stopping: Thread Group 1-179 
2015/03/24 14:30:10 INFO  - jmeter.threads.JMeterThread: Stopping: Thread Group 1-189 
2015/03/24 14:30:10 INFO  - jmeter.threads.JMeterThread: Stopping: Thread Group 1-60 
2015/03/24 14:30:10 INFO  - jmeter.threads.JMeterThread: Stopping: Thread Group 1-19 
2015/03/24 14:30:10 INFO  - jmeter.threads.JMeterThread: Stopping: Thread Group 1-153 
2015/03/24 14:30:10 INFO  - jmeter.threads.JMeterThread: Stopping: Thread Group 1-101 
2015/03/24 14:30:10 INFO  - jmeter.threads.JMeterThread: Stopping: Thread Group 1-133 
2015/03/24 14:30:10 INFO  - jmeter.threads.JMeterThread: Stopping: Thread Group 1-31 
2015/03/24 14:30:10 INFO  - jmeter.threads.JMeterThread: Stopping: Thread Group 1-52 
2015/03/24 14:30:10 INFO  - jmeter.threads.JMeterThread: Stopping: Thread Group 1-139 
2015/03/24 14:30:10 INFO  - jmeter.threads.JMeterThread: Stopping: Thread Group 1-92 
2015/03/24 14:30:10 INFO  - jmeter.threads.JMeterThread: Stopping: Thread Group 1-55 
2015/03/24 14:30:10 INFO  - jmeter.threads.JMeterThread: Stopping: Thread Group 1-61 
2015/03/24 14:30:10 INFO  - jmeter.threads.JMeterThread: Stopping: Thread Group 1-18 
2015/03/24 14:30:10 INFO  - jmeter.threads.JMeterThread: Stopping: Thread Group 1-119 
2015/03/24 14:30:10 INFO  - jmeter.threads.JMeterThread: Stopping: Thread Group 1-32 
2015/03/24 14:30:10 INFO  - jmeter.threads.JMeterThread: Stopping: Thread Group 1-106 
2015/03/24 14:30:10 INFO  - jmeter.threads.JMeterThread: Stopping: Thread Group 1-173 
2015/03/24 14:30:10 INFO  - jmeter.threads.JMeterThread: Stopping: Thread Group 1-45 
2015/03/24 14:30:10 INFO  - jmeter.threads.JMeterThread: Stopping: Thread Group 1-59 
2015/03/24 14:30:10 INFO  - jmeter.threads.JMeterThread: Stopping: Thread Group 1-118 
2015/03/24 14:30:10 INFO  - jmeter.threads.JMeterThread: Stopping: Thread Group 1-145 
2015/03/24 14:30:10 INFO  - jmeter.threads.JMeterThread: Stopping: Thread Group 1-4 
2015/03/24 14:30:10 INFO  - jmeter.threads.JMeterThread: Stopping: Thread Group 1-16 
2015/03/24 14:30:10 INFO  - jmeter.threads.JMeterThread: Stopping: Thread Group 1-198 
2015/03/24 14:30:10 INFO  - jmeter.threads.JMeterThread: Thread finished: Thread Group 1-57 
2015/03/24 14:30:10 INFO  - jmeter.threads.JMeterThread: Stopping: Thread Group 1-96 
2015/03/24 14:30:10 INFO  - jmeter.threads.JMeterThread: Stopping: Thread Group 1-196 
2015/03/24 14:30:10 INFO  - jmeter.threads.JMeterThread: Stopping: Thread Group 1-67 
2015/03/24 14:30:10 INFO  - jmeter.threads.JMeterThread: Stopping: Thread Group 1-9 
2015/03/24 14:30:10 INFO  - jmeter.threads.JMeterThread: Stopping: Thread Group 1-87 
2015/03/24 14:30:10 INFO  - jmeter.threads.JMeterThread: Thread finished: Thread Group 1-193 
2015/03/24 14:30:10 INFO  - jmeter.threads.JMeterThread: Stopping: Thread Group 1-117 
2015/03/24 14:30:10 INFO  - jmeter.threads.JMeterThread: Stopping: Thread Group 1-104 
2015/03/24 14:30:10 INFO  - jmeter.threads.JMeterThread: Stopping: Thread Group 1-171 
2015/03/24 14:30:10 INFO  - jmeter.threads.JMeterThread: Stopping: Thread Group 1-123 
2015/03/24 14:30:10 INFO  - jmeter.threads.JMeterThread: Stopping: Thread Group 1-81 
2015/03/24 14:30:10 INFO  - jmeter.threads.JMeterThread: Stopping: Thread Group 1-26 
2015/03/24 14:30:10 INFO  - jmeter.threads.JMeterThread: Stopping: Thread Group 1-146 
2015/03/24 14:30:10 INFO  - jmeter.threads.JMeterThread: Stopping: Thread Group 1-186 
2015/03/24 14:30:10 INFO  - jmeter.threads.JMeterThread: Stopping: Thread Group 1-127 
2015/03/24 14:30:10 INFO  - jmeter.threads.JMeterThread: Stopping: Thread Group 1-64 
2015/03/24 14:30:10 INFO  - jmeter.threads.JMeterThread: Stopping: Thread Group 1-97 
2015/03/24 14:30:10 INFO  - jmeter.threads.JMeterThread: Stopping: Thread Group 1-42 
2015/03/24 14:30:10 INFO  - jmeter.threads.JMeterThread: Stopping: Thread Group 1-140 
2015/03/24 14:30:10 INFO  - jmeter.threads.JMeterThread: Stopping: Thread Group 1-72 
2015/03/24 14:30:10 INFO  - jmeter.threads.JMeterThread: Stopping: Thread Group 1-98 
2015/03/24 14:30:10 INFO  - jmeter.threads.JMeterThread: Stopping: Thread Group 1-88 
2015/03/24 14:30:10 INFO  - jmeter.threads.JMeterThread: Stopping: Thread Group 1-190 
2015/03/24 14:30:10 INFO  - jmeter.threads.JMeterThread: Stopping: Thread Group 1-135 
2015/03/24 14:30:10 INFO  - jmeter.threads.JMeterThread: Stopping: Thread Group 1-15 
2015/03/24 14:30:10 INFO  - jmeter.threads.JMeterThread: Thread finished: Thread Group 1-35 
2015/03/24 14:30:10 INFO  - jmeter.threads.JMeterThread: Stopping: Thread Group 1-108 
2015/03/24 14:30:10 INFO  - jmeter.threads.JMeterThread: Stopping: Thread Group 1-183 
2015/03/24 14:30:10 INFO  - jmeter.threads.JMeterThread: Stopping: Thread Group 1-1 
2015/03/24 14:30:10 INFO  - jmeter.threads.JMeterThread: Stopping: Thread Group 1-180 
2015/03/24 14:30:10 INFO  - jmeter.threads.JMeterThread: Stopping: Thread Group 1-85 
2015/03/24 14:30:10 INFO  - jmeter.threads.JMeterThread: Thread finished: Thread Group 1-192 
2015/03/24 14:30:10 INFO  - jmeter.threads.JMeterThread: Stopping: Thread Group 1-125 
2015/03/24 14:30:10 INFO  - jmeter.threads.JMeterThread: Stopping: Thread Group 1-132 
2015/03/24 14:30:10 INFO  - jmeter.threads.JMeterThread: Stopping: Thread Group 1-157 
2015/03/24 14:30:10 INFO  - jmeter.threads.JMeterThread: Thread finished: Thread Group 1-198 
2015/03/24 14:30:10 INFO  - jmeter.threads.JMeterThread: Thread finished: Thread Group 1-63 
2015/03/24 14:30:10 INFO  - jmeter.threads.JMeterThread: Thread finished: Thread Group 1-200 
2015/03/24 14:30:10 INFO  - jmeter.threads.JMeterThread: Thread finished: Thread Group 1-22 
2015/03/24 14:30:10 INFO  - jmeter.threads.JMeterThread: Thread finished: Thread Group 1-49 
2015/03/24 14:30:10 INFO  - jmeter.threads.JMeterThread: Thread finished: Thread Group 1-117 
2015/03/24 14:30:10 INFO  - jmeter.threads.JMeterThread: Thread finished: Thread Group 1-180 
2015/03/24 14:30:10 INFO  - jmeter.threads.JMeterThread: Thread finished: Thread Group 1-85 
2015/03/24 14:30:10 INFO  - jmeter.threads.JMeterThread: Thread finished: Thread Group 1-29 
2015/03/24 14:30:10 INFO  - jmeter.threads.JMeterThread: Thread finished: Thread Group 1-197 
2015/03/24 14:30:10 INFO  - jmeter.threads.JMeterThread: Thread finished: Thread Group 1-101 
2015/03/24 14:30:10 INFO  - jmeter.threads.JMeterThread: Thread finished: Thread Group 1-145 
2015/03/24 14:30:10 INFO  - jmeter.threads.JMeterThread: Thread finished: Thread Group 1-160 
2015/03/24 14:30:10 INFO  - jmeter.threads.JMeterThread: Thread finished: Thread Group 1-9 
2015/03/24 14:30:10 INFO  - jmeter.threads.JMeterThread: Thread finished: Thread Group 1-157 
2015/03/24 14:30:10 INFO  - jmeter.threads.JMeterThread: Thread finished: Thread Group 1-62 
2015/03/24 14:30:10 INFO  - jmeter.threads.JMeterThread: Thread finished: Thread Group 1-185 
2015/03/24 14:30:10 INFO  - jmeter.threads.JMeterThread: Thread finished: Thread Group 1-140 
2015/03/24 14:30:10 INFO  - jmeter.threads.JMeterThread: Thread finished: Thread Group 1-88 
2015/03/24 14:30:10 INFO  - jmeter.threads.JMeterThread: Thread finished: Thread Group 1-113 
2015/03/24 14:30:10 INFO  - jmeter.threads.JMeterThread: Thread finished: Thread Group 1-38 
2015/03/24 14:30:10 INFO  - jmeter.threads.JMeterThread: Thread finished: Thread Group 1-181 
2015/03/24 14:30:10 INFO  - jmeter.threads.JMeterThread: Thread finished: Thread Group 1-90 
2015/03/24 14:30:10 INFO  - jmeter.threads.JMeterThread: Thread finished: Thread Group 1-72 
2015/03/24 14:30:10 INFO  - jmeter.threads.JMeterThread: Thread finished: Thread Group 1-170 
2015/03/24 14:30:10 INFO  - jmeter.threads.JMeterThread: Thread finished: Thread Group 1-18 
2015/03/24 14:30:10 INFO  - jmeter.threads.JMeterThread: Thread finished: Thread Group 1-120 
2015/03/24 14:30:10 INFO  - jmeter.threads.JMeterThread: Thread finished: Thread Group 1-98 
2015/03/24 14:30:10 INFO  - jmeter.threads.JMeterThread: Thread finished: Thread Group 1-93 
2015/03/24 14:30:10 INFO  - jmeter.threads.JMeterThread: Thread finished: Thread Group 1-32 
2015/03/24 14:30:10 INFO  - jmeter.threads.JMeterThread: Thread finished: Thread Group 1-1 
2015/03/24 14:30:10 INFO  - jmeter.threads.JMeterThread: Stopping: Thread Group 1-165 
2015/03/24 14:30:10 INFO  - jmeter.threads.JMeterThread: Thread finished: Thread Group 1-67 
2015/03/24 14:30:10 INFO  - jmeter.threads.JMeterThread: Thread finished: Thread Group 1-135 
2015/03/24 14:30:10 INFO  - jmeter.threads.JMeterThread: Thread finished: Thread Group 1-79 
2015/03/24 14:30:10 INFO  - jmeter.threads.JMeterThread: Thread finished: Thread Group 1-44 
2015/03/24 14:30:10 INFO  - jmeter.threads.JMeterThread: Thread finished: Thread Group 1-106 
2015/03/24 14:30:10 INFO  - jmeter.threads.JMeterThread: Thread finished: Thread Group 1-23 
2015/03/24 14:30:10 INFO  - jmeter.threads.JMeterThread: Thread finished: Thread Group 1-133 
2015/03/24 14:30:10 INFO  - jmeter.threads.JMeterThread: Thread finished: Thread Group 1-179 
2015/03/24 14:30:10 INFO  - jmeter.threads.JMeterThread: Thread finished: Thread Group 1-55 
2015/03/24 14:30:10 INFO  - jmeter.threads.JMeterThread: Thread finished: Thread Group 1-21 
2015/03/24 14:30:10 INFO  - jmeter.threads.JMeterThread: Thread finished: Thread Group 1-19 
2015/03/24 14:30:10 INFO  - jmeter.threads.JMeterThread: Thread finished: Thread Group 1-174 
2015/03/24 14:30:10 INFO  - jmeter.threads.JMeterThread: Stopping: Thread Group 1-129 
2015/03/24 14:30:10 INFO  - jmeter.threads.JMeterThread: Thread finished: Thread Group 1-15 
2015/03/24 14:30:10 INFO  - jmeter.threads.JMeterThread: Thread finished: Thread Group 1-102 
2015/03/24 14:30:10 INFO  - jmeter.threads.JMeterThread: Thread finished: Thread Group 1-143 
2015/03/24 14:30:10 INFO  - jmeter.threads.JMeterThread: Stopping: Thread Group 1-51 
2015/03/24 14:30:10 INFO  - jmeter.threads.JMeterThread: Stopping: Thread Group 1-178 
2015/03/24 14:30:10 INFO  - jmeter.threads.JMeterThread: Stopping: Thread Group 1-12 
2015/03/24 14:30:10 INFO  - jmeter.threads.JMeterThread: Thread finished: Thread Group 1-165 
2015/03/24 14:30:10 INFO  - jmeter.threads.JMeterThread: Thread finished: Thread Group 1-75 
2015/03/24 14:30:10 INFO  - jmeter.threads.JMeterThread: Thread finished: Thread Group 1-45 
2015/03/24 14:30:10 INFO  - jmeter.threads.JMeterThread: Thread finished: Thread Group 1-112 
2015/03/24 14:30:10 INFO  - jmeter.threads.JMeterThread: Thread finished: Thread Group 1-53 
2015/03/24 14:30:10 INFO  - jmeter.threads.JMeterThread: Thread finished: Thread Group 1-56 
2015/03/24 14:30:10 INFO  - jmeter.threads.JMeterThread: Stopping: Thread Group 1-115 
2015/03/24 14:30:10 INFO  - jmeter.threads.JMeterThread: Stopping: Thread Group 1-17 
2015/03/24 14:30:10 INFO  - jmeter.threads.JMeterThread: Stopping: Thread Group 1-82 
2015/03/24 14:30:10 INFO  - jmeter.threads.JMeterThread: Thread finished: Thread Group 1-195 
2015/03/24 14:30:10 INFO  - jmeter.threads.JMeterThread: Stopping: Thread Group 1-137 
2015/03/24 14:30:10 INFO  - jmeter.threads.JMeterThread: Stopping: Thread Group 1-167 
2015/03/24 14:30:10 INFO  - jmeter.threads.JMeterThread: Stopping: Thread Group 1-94 
2015/03/24 14:30:10 INFO  - jmeter.threads.JMeterThread: Stopping: Thread Group 1-69 
2015/03/24 14:30:10 INFO  - jmeter.threads.JMeterThread: Stopping: Thread Group 1-150 
2015/03/24 14:30:10 INFO  - jmeter.threads.JMeterThread: Stopping: Thread Group 1-48 
2015/03/24 14:30:10 INFO  - jmeter.threads.JMeterThread: Stopping: Thread Group 1-187 
2015/03/24 14:30:10 INFO  - jmeter.threads.JMeterThread: Stopping: Thread Group 1-138 
2015/03/24 14:30:10 INFO  - jmeter.threads.JMeterThread: Stopping: Thread Group 1-89 
2015/03/24 14:30:10 INFO  - jmeter.threads.JMeterThread: Stopping: Thread Group 1-105 
2015/03/24 14:30:10 INFO  - jmeter.threads.JMeterThread: Stopping: Thread Group 1-155 
2015/03/24 14:30:10 INFO  - jmeter.threads.JMeterThread: Stopping: Thread Group 1-110 
2015/03/24 14:30:10 INFO  - jmeter.threads.JMeterThread: Stopping: Thread Group 1-86 
2015/03/24 14:30:10 INFO  - jmeter.threads.JMeterThread: Stopping: Thread Group 1-126 
2015/03/24 14:30:10 INFO  - jmeter.threads.JMeterThread: Stopping: Thread Group 1-7 
2015/03/24 14:30:10 INFO  - jmeter.threads.JMeterThread: Stopping: Thread Group 1-109 
2015/03/24 14:30:10 INFO  - jmeter.threads.JMeterThread: Stopping: Thread Group 1-68 
2015/03/24 14:30:10 INFO  - jmeter.threads.JMeterThread: Stopping: Thread Group 1-151 
2015/03/24 14:30:10 INFO  - jmeter.threads.JMeterThread: Stopping: Thread Group 1-3 
2015/03/24 14:30:10 INFO  - jmeter.threads.JMeterThread: Stopping: Thread Group 1-169 
2015/03/24 14:30:10 INFO  - jmeter.threads.JMeterThread: Stopping: Thread Group 1-144 
2015/03/24 14:30:10 INFO  - jmeter.threads.JMeterThread: Stopping: Thread Group 1-162 
2015/03/24 14:30:10 INFO  - jmeter.threads.JMeterThread: Stopping: Thread Group 1-34 
2015/03/24 14:30:10 INFO  - jmeter.threads.JMeterThread: Stopping: Thread Group 1-128 
2015/03/24 14:30:10 INFO  - jmeter.threads.JMeterThread: Stopping: Thread Group 1-184 
2015/03/24 14:30:10 INFO  - jmeter.threads.JMeterThread: Stopping: Thread Group 1-13 
2015/03/24 14:30:10 INFO  - jmeter.threads.JMeterThread: Stopping: Thread Group 1-65 
2015/03/24 14:30:10 INFO  - jmeter.threads.JMeterThread: Stopping: Thread Group 1-148 
2015/03/24 14:30:10 INFO  - jmeter.threads.JMeterThread: Stopping: Thread Group 1-166 
2015/03/24 14:30:10 INFO  - jmeter.threads.JMeterThread: Stopping: Thread Group 1-37 
2015/03/24 14:30:10 INFO  - jmeter.threads.JMeterThread: Stopping: Thread Group 1-84 
2015/03/24 14:30:10 INFO  - jmeter.threads.JMeterThread: Stopping: Thread Group 1-77 
2015/03/24 14:30:10 INFO  - jmeter.threads.JMeterThread: Stopping: Thread Group 1-11 
2015/03/24 14:30:10 INFO  - jmeter.threads.JMeterThread: Stopping: Thread Group 1-27 
2015/03/24 14:30:10 INFO  - jmeter.threads.JMeterThread: Stopping: Thread Group 1-30 
2015/03/24 14:30:10 INFO  - jmeter.threads.JMeterThread: Stopping: Thread Group 1-54 
2015/03/24 14:30:10 INFO  - jmeter.threads.JMeterThread: Stopping: Thread Group 1-6 
2015/03/24 14:30:10 INFO  - jmeter.threads.JMeterThread: Stopping: Thread Group 1-111 
2015/03/24 14:30:10 INFO  - jmeter.threads.JMeterThread: Stopping: Thread Group 1-99 
2015/03/24 14:30:10 INFO  - jmeter.threads.JMeterThread: Stopping: Thread Group 1-66 
2015/03/24 14:30:10 INFO  - jmeter.threads.JMeterThread: Stopping: Thread Group 1-46 
2015/03/24 14:30:10 INFO  - jmeter.threads.JMeterThread: Stopping: Thread Group 1-2 
2015/03/24 14:30:10 INFO  - jmeter.threads.JMeterThread: Stopping: Thread Group 1-24 
2015/03/24 14:30:10 INFO  - jmeter.threads.JMeterThread: Stopping: Thread Group 1-28 
2015/03/24 14:30:10 INFO  - jmeter.threads.JMeterThread: Stopping: Thread Group 1-131 
2015/03/24 14:30:10 INFO  - jmeter.threads.JMeterThread: Stopping: Thread Group 1-199 
2015/03/24 14:30:10 INFO  - jmeter.threads.JMeterThread: Stopping: Thread Group 1-10 
2015/03/24 14:30:10 INFO  - jmeter.threads.JMeterThread: Stopping: Thread Group 1-188 
2015/03/24 14:30:10 INFO  - jmeter.threads.JMeterThread: Stopping: Thread Group 1-149 
2015/03/24 14:30:10 INFO  - jmeter.threads.JMeterThread: Stopping: Thread Group 1-100 
2015/03/24 14:30:10 INFO  - jmeter.threads.JMeterThread: Stopping: Thread Group 1-5 
2015/03/24 14:30:10 INFO  - jmeter.threads.JMeterThread: Stopping: Thread Group 1-147 
2015/03/24 14:30:10 INFO  - jmeter.threads.JMeterThread: Stopping: Thread Group 1-172 
2015/03/24 14:30:10 INFO  - jmeter.threads.JMeterThread: Stopping: Thread Group 1-14 
2015/03/24 14:30:10 INFO  - jmeter.threads.JMeterThread: Stopping: Thread Group 1-114 
2015/03/24 14:30:10 INFO  - jmeter.threads.JMeterThread: Stopping: Thread Group 1-80 
2015/03/24 14:30:10 INFO  - jmeter.threads.JMeterThread: Stopping: Thread Group 1-95 
2015/03/24 14:30:10 INFO  - jmeter.threads.JMeterThread: Stopping: Thread Group 1-182 
2015/03/24 14:30:10 INFO  - jmeter.threads.JMeterThread: Stopping: Thread Group 1-70 
2015/03/24 14:30:10 INFO  - jmeter.threads.JMeterThread: Stopping: Thread Group 1-78 
2015/03/24 14:30:10 INFO  - jmeter.threads.JMeterThread: Stopping: Thread Group 1-121 
2015/03/24 14:30:10 INFO  - jmeter.threads.JMeterThread: Stopping: Thread Group 1-116 
2015/03/24 14:30:10 INFO  - jmeter.threads.JMeterThread: Stopping: Thread Group 1-134 
2015/03/24 14:30:10 INFO  - jmeter.threads.JMeterThread: Stopping: Thread Group 1-83 
2015/03/24 14:30:10 INFO  - jmeter.threads.JMeterThread: Stopping: Thread Group 1-122 
2015/03/24 14:30:10 INFO  - jmeter.threads.JMeterThread: Stopping: Thread Group 1-43 
2015/03/24 14:30:10 INFO  - jmeter.threads.JMeterThread: Stopping: Thread Group 1-152 
2015/03/24 14:30:10 INFO  - jmeter.threads.JMeterThread: Stopping: Thread Group 1-8 
2015/03/24 14:30:10 INFO  - jmeter.threads.JMeterThread: Stopping: Thread Group 1-47 
2015/03/24 14:30:10 INFO  - jmeter.threads.JMeterThread: Stopping: Thread Group 1-163 
2015/03/24 14:30:10 INFO  - jmeter.threads.JMeterThread: Stopping: Thread Group 1-20 
2015/03/24 14:30:10 INFO  - jmeter.threads.JMeterThread: Stopping: Thread Group 1-161 
2015/03/24 14:30:10 INFO  - jmeter.threads.JMeterThread: Stopping: Thread Group 1-177 
2015/03/24 14:30:10 INFO  - jmeter.threads.JMeterThread: Stopping: Thread Group 1-33 
2015/03/24 14:30:10 INFO  - jmeter.threads.JMeterThread: Stopping: Thread Group 1-164 
2015/03/24 14:30:10 INFO  - jmeter.threads.JMeterThread: Stopping: Thread Group 1-194 
2015/03/24 14:30:10 INFO  - jmeter.threads.JMeterThread: Stopping: Thread Group 1-73 
2015/03/24 14:30:10 INFO  - jmeter.threads.JMeterThread: Stopping: Thread Group 1-154 
2015/03/24 14:30:10 INFO  - jmeter.threads.JMeterThread: Stopping: Thread Group 1-168 
2015/03/24 14:30:10 INFO  - jmeter.threads.JMeterThread: Stopping: Thread Group 1-25 
2015/03/24 14:30:10 INFO  - jmeter.threads.JMeterThread: Stopping: Thread Group 1-58 
2015/03/24 14:30:10 INFO  - jmeter.threads.JMeterThread: Thread finished: Thread Group 1-103 
2015/03/24 14:30:10 INFO  - jmeter.threads.JMeterThread: Thread finished: Thread Group 1-52 
2015/03/24 14:30:10 INFO  - jmeter.threads.JMeterThread: Thread finished: Thread Group 1-26 
2015/03/24 14:30:10 INFO  - jmeter.threads.JMeterThread: Thread finished: Thread Group 1-119 
2015/03/24 14:30:10 INFO  - jmeter.threads.JMeterThread: Thread finished: Thread Group 1-76 
2015/03/24 14:30:10 INFO  - jmeter.threads.JMeterThread: Thread finished: Thread Group 1-111 
2015/03/24 14:30:10 INFO  - jmeter.threads.JMeterThread: Thread finished: Thread Group 1-43 
2015/03/24 14:30:10 INFO  - jmeter.threads.JMeterThread: Thread finished: Thread Group 1-74 
2015/03/24 14:30:10 INFO  - jmeter.threads.JMeterThread: Thread finished: Thread Group 1-147 
2015/03/24 14:30:10 INFO  - jmeter.threads.JMeterThread: Thread finished: Thread Group 1-149 
2015/03/24 14:30:10 INFO  - jmeter.threads.JMeterThread: Thread finished: Thread Group 1-121 
2015/03/24 14:30:10 INFO  - jmeter.threads.JMeterThread: Thread finished: Thread Group 1-99 
2015/03/24 14:30:10 INFO  - jmeter.threads.JMeterThread: Thread finished: Thread Group 1-123 
2015/03/24 14:30:10 INFO  - jmeter.threads.JMeterThread: Thread finished: Thread Group 1-184 
2015/03/24 14:30:10 INFO  - jmeter.threads.JMeterThread: Thread finished: Thread Group 1-136 
2015/03/24 14:30:10 INFO  - jmeter.threads.JMeterThread: Thread finished: Thread Group 1-191 
2015/03/24 14:30:10 INFO  - jmeter.threads.JMeterThread: Thread finished: Thread Group 1-114 
2015/03/24 14:30:10 INFO  - jmeter.threads.JMeterThread: Thread finished: Thread Group 1-155 
2015/03/24 14:30:10 INFO  - jmeter.threads.JMeterThread: Thread finished: Thread Group 1-27 
2015/03/24 14:30:10 INFO  - jmeter.threads.JMeterThread: Thread finished: Thread Group 1-50 
2015/03/24 14:30:10 INFO  - jmeter.threads.JMeterThread: Thread finished: Thread Group 1-48 
2015/03/24 14:30:10 INFO  - jmeter.threads.JMeterThread: Thread finished: Thread Group 1-59 
2015/03/24 14:30:10 INFO  - jmeter.threads.JMeterThread: Thread finished: Thread Group 1-42 
2015/03/24 14:30:10 INFO  - jmeter.threads.JMeterThread: Thread finished: Thread Group 1-132 
2015/03/24 14:30:10 INFO  - jmeter.threads.JMeterThread: Thread finished: Thread Group 1-134 
2015/03/24 14:30:10 INFO  - jmeter.threads.JMeterThread: Thread finished: Thread Group 1-108 
2015/03/24 14:30:10 INFO  - jmeter.threads.JMeterThread: Thread finished: Thread Group 1-31 
2015/03/24 14:30:10 INFO  - jmeter.threads.JMeterThread: Thread finished: Thread Group 1-70 
2015/03/24 14:30:10 INFO  - jmeter.threads.JMeterThread: Thread finished: Thread Group 1-115 
2015/03/24 14:30:10 INFO  - jmeter.threads.JMeterThread: Thread finished: Thread Group 1-183 
2015/03/24 14:30:10 INFO  - jmeter.threads.JMeterThread: Thread finished: Thread Group 1-158 
2015/03/24 14:30:10 INFO  - jmeter.threads.JMeterThread: Thread finished: Thread Group 1-97 
2015/03/24 14:30:10 INFO  - jmeter.threads.JMeterThread: Thread finished: Thread Group 1-13 
2015/03/24 14:30:10 INFO  - jmeter.threads.JMeterThread: Thread finished: Thread Group 1-189 
2015/03/24 14:30:10 INFO  - jmeter.threads.JMeterThread: Thread finished: Thread Group 1-80 
2015/03/24 14:30:10 INFO  - jmeter.threads.JMeterThread: Thread finished: Thread Group 1-177 
2015/03/24 14:30:10 INFO  - jmeter.threads.JMeterThread: Thread finished: Thread Group 1-36 
2015/03/24 14:30:10 INFO  - jmeter.threads.JMeterThread: Thread finished: Thread Group 1-176 
2015/03/24 14:30:10 INFO  - jmeter.threads.JMeterThread: Thread finished: Thread Group 1-164 
2015/03/24 14:30:10 INFO  - jmeter.threads.JMeterThread: Thread finished: Thread Group 1-81 
2015/03/24 14:30:10 INFO  - jmeter.threads.JMeterThread: Thread finished: Thread Group 1-107 
2015/03/24 14:30:10 INFO  - jmeter.threads.JMeterThread: Thread finished: Thread Group 1-51 
2015/03/24 14:30:10 INFO  - jmeter.threads.JMeterThread: Thread finished: Thread Group 1-40 
2015/03/24 14:30:10 INFO  - jmeter.threads.JMeterThread: Thread finished: Thread Group 1-41 
2015/03/24 14:30:10 INFO  - jmeter.threads.JMeterThread: Thread finished: Thread Group 1-196 
2015/03/24 14:30:10 INFO  - jmeter.threads.JMeterThread: Thread finished: Thread Group 1-30 
2015/03/24 14:30:10 INFO  - jmeter.threads.JMeterThread: Thread finished: Thread Group 1-34 
2015/03/24 14:30:10 INFO  - jmeter.threads.JMeterThread: Thread finished: Thread Group 1-142 
2015/03/24 14:30:10 INFO  - jmeter.threads.JMeterThread: Thread finished: Thread Group 1-126 
2015/03/24 14:30:10 INFO  - jmeter.threads.JMeterThread: Thread finished: Thread Group 1-138 
2015/03/24 14:30:10 INFO  - jmeter.threads.JMeterThread: Thread finished: Thread Group 1-124 
2015/03/24 14:30:10 INFO  - jmeter.threads.JMeterThread: Thread finished: Thread Group 1-95 
2015/03/24 14:30:10 INFO  - jmeter.threads.JMeterThread: Thread finished: Thread Group 1-171 
2015/03/24 14:30:10 INFO  - jmeter.threads.JMeterThread: Thread finished: Thread Group 1-172 
2015/03/24 14:30:10 INFO  - jmeter.threads.JMeterThread: Thread finished: Thread Group 1-78 
2015/03/24 14:30:10 INFO  - jmeter.threads.JMeterThread: Thread finished: Thread Group 1-104 
2015/03/24 14:30:10 INFO  - jmeter.threads.JMeterThread: Thread finished: Thread Group 1-24 
2015/03/24 14:30:10 INFO  - jmeter.threads.JMeterThread: Thread finished: Thread Group 1-2 
2015/03/24 14:30:10 INFO  - jmeter.threads.JMeterThread: Thread finished: Thread Group 1-156 
2015/03/24 14:30:10 INFO  - jmeter.threads.JMeterThread: Thread finished: Thread Group 1-118 
2015/03/24 14:30:10 INFO  - jmeter.threads.JMeterThread: Thread finished: Thread Group 1-166 
2015/03/24 14:30:10 INFO  - jmeter.threads.JMeterThread: Thread finished: Thread Group 1-144 
2015/03/24 14:30:10 INFO  - jmeter.threads.JMeterThread: Thread finished: Thread Group 1-130 
2015/03/24 14:30:10 INFO  - jmeter.threads.JMeterThread: Thread finished: Thread Group 1-6 
2015/03/24 14:30:10 INFO  - jmeter.threads.JMeterThread: Thread finished: Thread Group 1-173 
2015/03/24 14:30:10 INFO  - jmeter.threads.JMeterThread: Thread finished: Thread Group 1-186 
2015/03/24 14:30:10 INFO  - jmeter.threads.JMeterThread: Thread finished: Thread Group 1-60 
2015/03/24 14:30:10 INFO  - jmeter.threads.JMeterThread: Thread finished: Thread Group 1-151 
2015/03/24 14:30:10 INFO  - jmeter.threads.JMeterThread: Thread finished: Thread Group 1-47 
2015/03/24 14:30:10 INFO  - jmeter.threads.JMeterThread: Thread finished: Thread Group 1-139 
2015/03/24 14:30:10 INFO  - jmeter.threads.JMeterThread: Thread finished: Thread Group 1-91 
2015/03/24 14:30:10 INFO  - jmeter.threads.JMeterThread: Thread finished: Thread Group 1-159 
2015/03/24 14:30:10 INFO  - jmeter.threads.JMeterThread: Thread finished: Thread Group 1-154 
2015/03/24 14:30:10 INFO  - jmeter.threads.JMeterThread: Thread finished: Thread Group 1-64 
2015/03/24 14:30:10 INFO  - jmeter.threads.JMeterThread: Thread finished: Thread Group 1-137 
2015/03/24 14:30:10 INFO  - jmeter.threads.JMeterThread: Thread finished: Thread Group 1-122 
2015/03/24 14:30:10 INFO  - jmeter.threads.JMeterThread: Thread finished: Thread Group 1-152 
2015/03/24 14:30:10 INFO  - jmeter.threads.JMeterThread: Thread finished: Thread Group 1-127 
2015/03/24 14:30:10 INFO  - jmeter.threads.JMeterThread: Thread finished: Thread Group 1-87 
2015/03/24 14:30:10 INFO  - jmeter.threads.JMeterThread: Thread finished: Thread Group 1-77 
2015/03/24 14:30:10 INFO  - jmeter.threads.JMeterThread: Thread finished: Thread Group 1-25 
2015/03/24 14:30:10 INFO  - jmeter.threads.JMeterThread: Thread finished: Thread Group 1-92 
2015/03/24 14:30:10 INFO  - jmeter.threads.JMeterThread: Thread finished: Thread Group 1-148 
2015/03/24 14:30:10 INFO  - jmeter.threads.JMeterThread: Thread finished: Thread Group 1-4 
2015/03/24 14:30:10 INFO  - jmeter.threads.JMeterThread: Thread finished: Thread Group 1-96 
2015/03/24 14:30:10 INFO  - jmeter.threads.JMeterThread: Thread finished: Thread Group 1-194 
2015/03/24 14:30:10 INFO  - jmeter.threads.JMeterThread: Thread finished: Thread Group 1-131 
2015/03/24 14:30:10 INFO  - jmeter.threads.JMeterThread: Thread finished: Thread Group 1-16 
2015/03/24 14:30:10 INFO  - jmeter.threads.JMeterThread: Thread finished: Thread Group 1-61 
2015/03/24 14:30:10 INFO  - jmeter.threads.JMeterThread: Thread finished: Thread Group 1-39 
2015/03/24 14:30:10 INFO  - jmeter.threads.JMeterThread: Thread finished: Thread Group 1-167 
2015/03/24 14:30:10 INFO  - jmeter.threads.JMeterThread: Thread finished: Thread Group 1-7 
2015/03/24 14:30:10 INFO  - jmeter.threads.JMeterThread: Thread finished: Thread Group 1-10 
2015/03/24 14:30:10 INFO  - jmeter.threads.JMeterThread: Thread finished: Thread Group 1-146 
2015/03/24 14:30:10 INFO  - jmeter.threads.JMeterThread: Thread finished: Thread Group 1-17 
2015/03/24 14:30:10 INFO  - jmeter.threads.JMeterThread: Thread finished: Thread Group 1-105 
2015/03/24 14:30:10 INFO  - jmeter.threads.JMeterThread: Thread finished: Thread Group 1-14 
2015/03/24 14:30:10 INFO  - jmeter.threads.JMeterThread: Thread finished: Thread Group 1-190 
2015/03/24 14:30:10 INFO  - jmeter.threads.JMeterThread: Thread finished: Thread Group 1-125 
2015/03/24 14:30:10 INFO  - jmeter.threads.JMeterThread: Thread finished: Thread Group 1-153 
2015/03/24 14:30:10 INFO  - jmeter.threads.JMeterThread: Thread finished: Thread Group 1-187 
2015/03/24 14:30:10 INFO  - jmeter.threads.JMeterThread: Thread finished: Thread Group 1-28 
2015/03/24 14:30:10 INFO  - jmeter.threads.JMeterThread: Thread finished: Thread Group 1-54 
2015/03/24 14:30:10 INFO  - jmeter.threads.JMeterThread: Thread finished: Thread Group 1-168 
2015/03/24 14:30:10 INFO  - jmeter.threads.JMeterThread: Thread finished: Thread Group 1-11 
2015/03/24 14:30:10 INFO  - jmeter.threads.JMeterThread: Thread finished: Thread Group 1-68 
2015/03/24 14:30:10 INFO  - jmeter.threads.JMeterThread: Thread finished: Thread Group 1-161 
2015/03/24 14:30:10 INFO  - jmeter.threads.JMeterThread: Thread finished: Thread Group 1-33 
2015/03/24 14:30:10 INFO  - jmeter.threads.JMeterThread: Thread finished: Thread Group 1-82 
2015/03/24 14:30:10 INFO  - jmeter.threads.JMeterThread: Thread finished: Thread Group 1-20 
2015/03/24 14:30:10 INFO  - jmeter.threads.JMeterThread: Thread finished: Thread Group 1-58 
2015/03/24 14:30:10 INFO  - jmeter.threads.JMeterThread: Thread finished: Thread Group 1-116 
2015/03/24 14:30:10 INFO  - jmeter.threads.JMeterThread: Thread finished: Thread Group 1-182 
2015/03/24 14:30:10 INFO  - jmeter.threads.JMeterThread: Thread finished: Thread Group 1-84 
2015/03/24 14:30:10 INFO  - jmeter.threads.JMeterThread: Thread finished: Thread Group 1-89 
2015/03/24 14:30:10 INFO  - jmeter.threads.JMeterThread: Thread finished: Thread Group 1-199 
2015/03/24 14:30:10 INFO  - jmeter.threads.JMeterThread: Thread finished: Thread Group 1-3 
2015/03/24 14:30:10 INFO  - jmeter.threads.JMeterThread: Thread finished: Thread Group 1-83 
2015/03/24 14:30:10 INFO  - jmeter.threads.JMeterThread: Thread finished: Thread Group 1-109 
2015/03/24 14:30:10 INFO  - jmeter.threads.JMeterThread: Thread finished: Thread Group 1-128 
2015/03/24 14:30:10 INFO  - jmeter.threads.JMeterThread: Thread finished: Thread Group 1-188 
2015/03/24 14:30:10 INFO  - jmeter.threads.JMeterThread: Thread finished: Thread Group 1-129 
2015/03/24 14:30:10 INFO  - jmeter.threads.JMeterThread: Thread finished: Thread Group 1-12 
2015/03/24 14:30:10 INFO  - jmeter.threads.JMeterThread: Thread finished: Thread Group 1-169 
2015/03/24 14:30:10 INFO  - jmeter.threads.JMeterThread: Thread finished: Thread Group 1-65 
2015/03/24 14:30:10 INFO  - jmeter.threads.JMeterThread: Thread finished: Thread Group 1-37 
2015/03/24 14:30:10 INFO  - jmeter.threads.JMeterThread: Thread finished: Thread Group 1-46 
2015/03/24 14:30:10 INFO  - jmeter.threads.JMeterThread: Thread finished: Thread Group 1-178 
2015/03/24 14:30:10 INFO  - jmeter.threads.JMeterThread: Thread finished: Thread Group 1-86 
2015/03/24 14:30:10 INFO  - jmeter.threads.JMeterThread: Thread finished: Thread Group 1-162 
2015/03/24 14:30:10 INFO  - jmeter.threads.JMeterThread: Thread finished: Thread Group 1-69 
2015/03/24 14:30:10 INFO  - jmeter.threads.JMeterThread: Thread finished: Thread Group 1-66 
2015/03/24 14:30:10 INFO  - jmeter.threads.JMeterThread: Thread finished: Thread Group 1-110 
2015/03/24 14:30:10 INFO  - jmeter.threads.JMeterThread: Thread finished: Thread Group 1-163 
2015/03/24 14:30:10 INFO  - jmeter.threads.JMeterThread: Thread finished: Thread Group 1-100 
2015/03/24 14:30:10 INFO  - jmeter.threads.JMeterThread: Thread finished: Thread Group 1-150 
2015/03/24 14:30:10 INFO  - jmeter.threads.JMeterThread: Thread finished: Thread Group 1-8 
2015/03/24 14:30:10 INFO  - jmeter.threads.JMeterThread: Thread finished: Thread Group 1-5 
2015/03/24 14:30:10 INFO  - jmeter.threads.JMeterThread: Thread finished: Thread Group 1-73 
2015/03/24 14:30:10 INFO  - jmeter.threads.JMeterThread: Thread finished: Thread Group 1-94 
2015/03/24 14:30:10 INFO  - jmeter.engine.StandardJMeterEngine: Notifying test listeners of end of test 
2015/03/24 14:30:10 INFO  - jmeter.gui.util.JMeterMenuBar: setRunning(false,*local*) 
2015/03/24 14:31:08 INFO  - jmeter.engine.StandardJMeterEngine: Running the test! 
2015/03/24 14:31:08 INFO  - jmeter.samplers.SampleEvent: List of sample_variables: [] 
2015/03/24 14:31:08 INFO  - jmeter.gui.util.JMeterMenuBar: setRunning(true,*local*) 
2015/03/24 14:31:08 INFO  - jmeter.engine.StandardJMeterEngine: Starting ThreadGroup: 1 : Thread Group 
2015/03/24 14:31:08 INFO  - jmeter.engine.StandardJMeterEngine: Starting 200 threads for group Thread Group. 
2015/03/24 14:31:08 INFO  - jmeter.engine.StandardJMeterEngine: Thread will continue on error 
2015/03/24 14:31:08 INFO  - jmeter.threads.ThreadGroup: Starting thread group number 1 threads 200 ramp-up 1 perThread 5.0 delayedStart=false 
2015/03/24 14:31:08 INFO  - jmeter.threads.JMeterThread: Thread started: Thread Group 1-1 
2015/03/24 14:31:08 INFO  - jmeter.threads.JMeterThread: Thread started: Thread Group 1-2 
2015/03/24 14:31:08 INFO  - jmeter.threads.JMeterThread: Thread started: Thread Group 1-3 
2015/03/24 14:31:08 INFO  - jmeter.threads.JMeterThread: Thread started: Thread Group 1-4 
2015/03/24 14:31:08 INFO  - jmeter.threads.JMeterThread: Thread started: Thread Group 1-5 
2015/03/24 14:31:08 INFO  - jmeter.threads.JMeterThread: Thread started: Thread Group 1-6 
2015/03/24 14:31:08 INFO  - jmeter.threads.JMeterThread: Thread started: Thread Group 1-7 
2015/03/24 14:31:08 INFO  - jmeter.threads.JMeterThread: Thread started: Thread Group 1-8 
2015/03/24 14:31:08 INFO  - jmeter.threads.JMeterThread: Thread started: Thread Group 1-9 
2015/03/24 14:31:08 INFO  - jmeter.threads.JMeterThread: Thread started: Thread Group 1-10 
2015/03/24 14:31:08 INFO  - jmeter.threads.JMeterThread: Thread started: Thread Group 1-11 
2015/03/24 14:31:08 INFO  - jmeter.threads.JMeterThread: Thread started: Thread Group 1-12 
2015/03/24 14:31:08 INFO  - jmeter.threads.JMeterThread: Thread started: Thread Group 1-13 
2015/03/24 14:31:08 INFO  - jmeter.threads.JMeterThread: Thread started: Thread Group 1-14 
2015/03/24 14:31:08 INFO  - jmeter.threads.ThreadGroup: Started thread group number 1 
2015/03/24 14:31:08 INFO  - jmeter.engine.StandardJMeterEngine: All thread groups have been started 
2015/03/24 14:31:08 INFO  - jmeter.threads.JMeterThread: Thread started: Thread Group 1-15 
2015/03/24 14:31:08 INFO  - jmeter.threads.JMeterThread: Thread started: Thread Group 1-16 
2015/03/24 14:31:09 INFO  - jmeter.threads.JMeterThread: Thread started: Thread Group 1-17 
2015/03/24 14:31:09 INFO  - jmeter.threads.JMeterThread: Thread started: Thread Group 1-18 
2015/03/24 14:31:09 INFO  - jmeter.threads.JMeterThread: Thread started: Thread Group 1-19 
2015/03/24 14:31:09 INFO  - jmeter.threads.JMeterThread: Thread started: Thread Group 1-20 
2015/03/24 14:31:09 INFO  - jmeter.threads.JMeterThread: Thread started: Thread Group 1-22 
2015/03/24 14:31:09 INFO  - jmeter.threads.JMeterThread: Thread started: Thread Group 1-21 
2015/03/24 14:31:09 INFO  - jmeter.threads.JMeterThread: Thread started: Thread Group 1-24 
2015/03/24 14:31:09 INFO  - jmeter.threads.JMeterThread: Thread started: Thread Group 1-23 
2015/03/24 14:31:09 INFO  - jmeter.threads.JMeterThread: Thread started: Thread Group 1-26 
2015/03/24 14:31:09 INFO  - jmeter.threads.JMeterThread: Thread started: Thread Group 1-25 
2015/03/24 14:31:09 INFO  - jmeter.threads.JMeterThread: Thread started: Thread Group 1-28 
2015/03/24 14:31:09 INFO  - jmeter.threads.JMeterThread: Thread started: Thread Group 1-27 
2015/03/24 14:31:09 INFO  - jmeter.threads.JMeterThread: Thread started: Thread Group 1-29 
2015/03/24 14:31:09 INFO  - jmeter.threads.JMeterThread: Thread started: Thread Group 1-30 
2015/03/24 14:31:09 INFO  - jmeter.threads.JMeterThread: Thread started: Thread Group 1-31 
2015/03/24 14:31:09 INFO  - jmeter.threads.JMeterThread: Thread started: Thread Group 1-32 
2015/03/24 14:31:09 INFO  - jmeter.threads.JMeterThread: Thread started: Thread Group 1-33 
2015/03/24 14:31:09 INFO  - jmeter.threads.JMeterThread: Thread started: Thread Group 1-35 
2015/03/24 14:31:09 INFO  - jmeter.threads.JMeterThread: Thread started: Thread Group 1-34 
2015/03/24 14:31:09 INFO  - jmeter.threads.JMeterThread: Thread started: Thread Group 1-36 
2015/03/24 14:31:09 INFO  - jmeter.threads.JMeterThread: Thread started: Thread Group 1-37 
2015/03/24 14:31:09 INFO  - jmeter.threads.JMeterThread: Thread started: Thread Group 1-38 
2015/03/24 14:31:09 INFO  - jmeter.threads.JMeterThread: Thread started: Thread Group 1-39 
2015/03/24 14:31:09 INFO  - jmeter.threads.JMeterThread: Thread started: Thread Group 1-40 
2015/03/24 14:31:09 INFO  - jmeter.threads.JMeterThread: Thread started: Thread Group 1-41 
2015/03/24 14:31:09 INFO  - jmeter.threads.JMeterThread: Thread started: Thread Group 1-42 
2015/03/24 14:31:09 INFO  - jmeter.threads.JMeterThread: Thread started: Thread Group 1-43 
2015/03/24 14:31:09 INFO  - jmeter.threads.JMeterThread: Thread started: Thread Group 1-44 
2015/03/24 14:31:09 INFO  - jmeter.threads.JMeterThread: Thread started: Thread Group 1-45 
2015/03/24 14:31:09 INFO  - jmeter.threads.JMeterThread: Thread started: Thread Group 1-46 
2015/03/24 14:31:09 INFO  - jmeter.threads.JMeterThread: Thread started: Thread Group 1-47 
2015/03/24 14:31:09 INFO  - jmeter.threads.JMeterThread: Thread started: Thread Group 1-48 
2015/03/24 14:31:09 INFO  - jmeter.threads.JMeterThread: Thread started: Thread Group 1-49 
2015/03/24 14:31:09 INFO  - jmeter.threads.JMeterThread: Thread started: Thread Group 1-50 
2015/03/24 14:31:09 INFO  - jmeter.threads.JMeterThread: Thread started: Thread Group 1-51 
2015/03/24 14:31:09 INFO  - jmeter.threads.JMeterThread: Thread started: Thread Group 1-52 
2015/03/24 14:31:09 INFO  - jmeter.threads.JMeterThread: Thread started: Thread Group 1-53 
2015/03/24 14:31:09 INFO  - jmeter.threads.JMeterThread: Thread started: Thread Group 1-55 
2015/03/24 14:31:09 INFO  - jmeter.threads.JMeterThread: Thread started: Thread Group 1-54 
2015/03/24 14:31:09 INFO  - jmeter.threads.JMeterThread: Thread started: Thread Group 1-56 
2015/03/24 14:31:09 INFO  - jmeter.threads.JMeterThread: Thread started: Thread Group 1-57 
2015/03/24 14:31:09 INFO  - jmeter.threads.JMeterThread: Thread started: Thread Group 1-60 
2015/03/24 14:31:09 INFO  - jmeter.threads.JMeterThread: Thread started: Thread Group 1-59 
2015/03/24 14:31:09 INFO  - jmeter.threads.JMeterThread: Thread started: Thread Group 1-61 
2015/03/24 14:31:09 INFO  - jmeter.threads.JMeterThread: Thread started: Thread Group 1-58 
2015/03/24 14:31:09 INFO  - jmeter.threads.JMeterThread: Thread started: Thread Group 1-62 
2015/03/24 14:31:09 INFO  - jmeter.threads.JMeterThread: Thread started: Thread Group 1-64 
2015/03/24 14:31:09 INFO  - jmeter.threads.JMeterThread: Thread started: Thread Group 1-63 
2015/03/24 14:31:09 INFO  - jmeter.threads.JMeterThread: Thread started: Thread Group 1-65 
2015/03/24 14:31:09 INFO  - jmeter.threads.JMeterThread: Thread started: Thread Group 1-66 
2015/03/24 14:31:09 INFO  - jmeter.threads.JMeterThread: Thread started: Thread Group 1-68 
2015/03/24 14:31:09 INFO  - jmeter.threads.JMeterThread: Thread started: Thread Group 1-67 
2015/03/24 14:31:09 INFO  - jmeter.threads.JMeterThread: Thread started: Thread Group 1-69 
2015/03/24 14:31:09 INFO  - jmeter.threads.JMeterThread: Thread started: Thread Group 1-70 
2015/03/24 14:31:09 INFO  - jmeter.threads.JMeterThread: Thread started: Thread Group 1-71 
2015/03/24 14:31:09 INFO  - jmeter.threads.JMeterThread: Thread started: Thread Group 1-72 
2015/03/24 14:31:09 INFO  - jmeter.threads.JMeterThread: Thread started: Thread Group 1-73 
2015/03/24 14:31:09 INFO  - jmeter.threads.JMeterThread: Thread started: Thread Group 1-74 
2015/03/24 14:31:09 INFO  - jmeter.threads.JMeterThread: Thread started: Thread Group 1-76 
2015/03/24 14:31:09 INFO  - jmeter.threads.JMeterThread: Thread started: Thread Group 1-75 
2015/03/24 14:31:09 INFO  - jmeter.threads.JMeterThread: Thread started: Thread Group 1-77 
2015/03/24 14:31:09 INFO  - jmeter.threads.JMeterThread: Thread started: Thread Group 1-78 
2015/03/24 14:31:09 INFO  - jmeter.threads.JMeterThread: Thread started: Thread Group 1-80 
2015/03/24 14:31:09 INFO  - jmeter.threads.JMeterThread: Thread started: Thread Group 1-79 
2015/03/24 14:31:09 INFO  - jmeter.threads.JMeterThread: Thread started: Thread Group 1-81 
2015/03/24 14:31:09 INFO  - jmeter.threads.JMeterThread: Thread started: Thread Group 1-82 
2015/03/24 14:31:09 INFO  - jmeter.threads.JMeterThread: Thread started: Thread Group 1-84 
2015/03/24 14:31:09 INFO  - jmeter.threads.JMeterThread: Thread started: Thread Group 1-83 
2015/03/24 14:31:09 INFO  - jmeter.threads.JMeterThread: Thread started: Thread Group 1-85 
2015/03/24 14:31:09 INFO  - jmeter.threads.JMeterThread: Thread started: Thread Group 1-86 
2015/03/24 14:31:09 INFO  - jmeter.threads.JMeterThread: Thread started: Thread Group 1-87 
2015/03/24 14:31:09 INFO  - jmeter.threads.JMeterThread: Thread started: Thread Group 1-88 
2015/03/24 14:31:09 INFO  - jmeter.threads.JMeterThread: Thread started: Thread Group 1-89 
2015/03/24 14:31:09 INFO  - jmeter.threads.JMeterThread: Thread started: Thread Group 1-90 
2015/03/24 14:31:09 INFO  - jmeter.threads.JMeterThread: Thread started: Thread Group 1-93 
2015/03/24 14:31:09 INFO  - jmeter.threads.JMeterThread: Thread started: Thread Group 1-92 
2015/03/24 14:31:09 INFO  - jmeter.threads.JMeterThread: Thread started: Thread Group 1-94 
2015/03/24 14:31:09 INFO  - jmeter.threads.JMeterThread: Thread started: Thread Group 1-91 
2015/03/24 14:31:09 INFO  - jmeter.threads.JMeterThread: Thread started: Thread Group 1-96 
2015/03/24 14:31:09 INFO  - jmeter.threads.JMeterThread: Thread started: Thread Group 1-97 
2015/03/24 14:31:09 INFO  - jmeter.threads.JMeterThread: Thread started: Thread Group 1-98 
2015/03/24 14:31:09 INFO  - jmeter.threads.JMeterThread: Thread started: Thread Group 1-95 
2015/03/24 14:31:09 INFO  - jmeter.threads.JMeterThread: Thread started: Thread Group 1-100 
2015/03/24 14:31:09 INFO  - jmeter.threads.JMeterThread: Thread started: Thread Group 1-101 
2015/03/24 14:31:09 INFO  - jmeter.threads.JMeterThread: Thread started: Thread Group 1-102 
2015/03/24 14:31:09 INFO  - jmeter.threads.JMeterThread: Thread started: Thread Group 1-99 
2015/03/24 14:31:09 INFO  - jmeter.threads.JMeterThread: Thread started: Thread Group 1-104 
2015/03/24 14:31:09 INFO  - jmeter.threads.JMeterThread: Thread started: Thread Group 1-105 
2015/03/24 14:31:09 INFO  - jmeter.threads.JMeterThread: Thread started: Thread Group 1-106 
2015/03/24 14:31:09 INFO  - jmeter.threads.JMeterThread: Thread started: Thread Group 1-103 
2015/03/24 14:31:09 INFO  - jmeter.threads.JMeterThread: Thread started: Thread Group 1-108 
2015/03/24 14:31:09 INFO  - jmeter.threads.JMeterThread: Thread started: Thread Group 1-107 
2015/03/24 14:31:09 INFO  - jmeter.threads.JMeterThread: Thread started: Thread Group 1-110 
2015/03/24 14:31:09 INFO  - jmeter.threads.JMeterThread: Thread started: Thread Group 1-109 
2015/03/24 14:31:09 INFO  - jmeter.threads.JMeterThread: Thread started: Thread Group 1-112 
2015/03/24 14:31:09 INFO  - jmeter.threads.JMeterThread: Thread started: Thread Group 1-113 
2015/03/24 14:31:09 INFO  - jmeter.threads.JMeterThread: Thread started: Thread Group 1-114 
2015/03/24 14:31:09 INFO  - jmeter.threads.JMeterThread: Thread started: Thread Group 1-111 
2015/03/24 14:31:09 INFO  - jmeter.threads.JMeterThread: Thread started: Thread Group 1-116 
2015/03/24 14:31:09 INFO  - jmeter.threads.JMeterThread: Thread started: Thread Group 1-118 
2015/03/24 14:31:09 INFO  - jmeter.threads.JMeterThread: Thread started: Thread Group 1-115 
2015/03/24 14:31:09 INFO  - jmeter.threads.JMeterThread: Thread started: Thread Group 1-117 
2015/03/24 14:31:09 INFO  - jmeter.threads.JMeterThread: Thread started: Thread Group 1-120 
2015/03/24 14:31:09 INFO  - jmeter.threads.JMeterThread: Thread started: Thread Group 1-121 
2015/03/24 14:31:09 INFO  - jmeter.threads.JMeterThread: Thread started: Thread Group 1-122 
2015/03/24 14:31:09 INFO  - jmeter.threads.JMeterThread: Thread started: Thread Group 1-119 
2015/03/24 14:31:09 INFO  - jmeter.threads.JMeterThread: Thread started: Thread Group 1-124 
2015/03/24 14:31:09 INFO  - jmeter.threads.JMeterThread: Thread started: Thread Group 1-125 
2015/03/24 14:31:09 INFO  - jmeter.threads.JMeterThread: Thread started: Thread Group 1-126 
2015/03/24 14:31:09 INFO  - jmeter.threads.JMeterThread: Thread started: Thread Group 1-123 
2015/03/24 14:31:09 INFO  - jmeter.threads.JMeterThread: Thread started: Thread Group 1-128 
2015/03/24 14:31:09 INFO  - jmeter.threads.JMeterThread: Thread started: Thread Group 1-129 
2015/03/24 14:31:09 INFO  - jmeter.threads.JMeterThread: Thread started: Thread Group 1-130 
2015/03/24 14:31:09 INFO  - jmeter.threads.JMeterThread: Thread started: Thread Group 1-127 
2015/03/24 14:31:09 INFO  - jmeter.threads.JMeterThread: Thread started: Thread Group 1-132 
2015/03/24 14:31:09 INFO  - jmeter.threads.JMeterThread: Thread started: Thread Group 1-133 
2015/03/24 14:31:09 INFO  - jmeter.threads.JMeterThread: Thread started: Thread Group 1-134 
2015/03/24 14:31:09 INFO  - jmeter.threads.JMeterThread: Thread started: Thread Group 1-131 
2015/03/24 14:31:09 INFO  - jmeter.threads.JMeterThread: Thread started: Thread Group 1-136 
2015/03/24 14:31:09 INFO  - jmeter.threads.JMeterThread: Thread started: Thread Group 1-137 
2015/03/24 14:31:09 INFO  - jmeter.threads.JMeterThread: Thread started: Thread Group 1-138 
2015/03/24 14:31:09 INFO  - jmeter.threads.JMeterThread: Thread started: Thread Group 1-135 
2015/03/24 14:31:09 INFO  - jmeter.threads.JMeterThread: Thread started: Thread Group 1-140 
2015/03/24 14:31:09 INFO  - jmeter.threads.JMeterThread: Thread started: Thread Group 1-141 
2015/03/24 14:31:09 INFO  - jmeter.threads.JMeterThread: Thread started: Thread Group 1-142 
2015/03/24 14:31:09 INFO  - jmeter.threads.JMeterThread: Thread started: Thread Group 1-139 
2015/03/24 14:31:09 INFO  - jmeter.threads.JMeterThread: Thread started: Thread Group 1-144 
2015/03/24 14:31:09 INFO  - jmeter.threads.JMeterThread: Thread started: Thread Group 1-145 
2015/03/24 14:31:09 INFO  - jmeter.threads.JMeterThread: Thread started: Thread Group 1-143 
2015/03/24 14:31:09 INFO  - jmeter.threads.JMeterThread: Thread started: Thread Group 1-146 
2015/03/24 14:31:09 INFO  - jmeter.threads.JMeterThread: Thread started: Thread Group 1-148 
2015/03/24 14:31:09 INFO  - jmeter.threads.JMeterThread: Thread started: Thread Group 1-147 
2015/03/24 14:31:09 INFO  - jmeter.threads.JMeterThread: Thread started: Thread Group 1-149 
2015/03/24 14:31:09 INFO  - jmeter.threads.JMeterThread: Thread started: Thread Group 1-150 
2015/03/24 14:31:09 INFO  - jmeter.threads.JMeterThread: Thread started: Thread Group 1-152 
2015/03/24 14:31:09 INFO  - jmeter.threads.JMeterThread: Thread started: Thread Group 1-153 
2015/03/24 14:31:09 INFO  - jmeter.threads.JMeterThread: Thread started: Thread Group 1-151 
2015/03/24 14:31:09 INFO  - jmeter.threads.JMeterThread: Thread started: Thread Group 1-154 
2015/03/24 14:31:09 INFO  - jmeter.threads.JMeterThread: Thread started: Thread Group 1-156 
2015/03/24 14:31:09 INFO  - jmeter.threads.JMeterThread: Thread started: Thread Group 1-157 
2015/03/24 14:31:09 INFO  - jmeter.threads.JMeterThread: Thread started: Thread Group 1-155 
2015/03/24 14:31:09 INFO  - jmeter.threads.JMeterThread: Thread started: Thread Group 1-158 
2015/03/24 14:31:09 INFO  - jmeter.threads.JMeterThread: Thread started: Thread Group 1-160 
2015/03/24 14:31:09 INFO  - jmeter.threads.JMeterThread: Thread started: Thread Group 1-161 
2015/03/24 14:31:09 INFO  - jmeter.threads.JMeterThread: Thread started: Thread Group 1-159 
2015/03/24 14:31:09 INFO  - jmeter.threads.JMeterThread: Thread started: Thread Group 1-162 
2015/03/24 14:31:09 INFO  - jmeter.threads.JMeterThread: Thread started: Thread Group 1-164 
2015/03/24 14:31:09 INFO  - jmeter.threads.JMeterThread: Thread started: Thread Group 1-165 
2015/03/24 14:31:09 INFO  - jmeter.threads.JMeterThread: Thread started: Thread Group 1-163 
2015/03/24 14:31:09 INFO  - jmeter.threads.JMeterThread: Thread started: Thread Group 1-166 
2015/03/24 14:31:09 INFO  - jmeter.threads.JMeterThread: Thread started: Thread Group 1-168 
2015/03/24 14:31:09 INFO  - jmeter.threads.JMeterThread: Thread started: Thread Group 1-169 
2015/03/24 14:31:09 INFO  - jmeter.threads.JMeterThread: Thread started: Thread Group 1-167 
2015/03/24 14:31:09 INFO  - jmeter.threads.JMeterThread: Thread started: Thread Group 1-170 
2015/03/24 14:31:09 INFO  - jmeter.threads.JMeterThread: Thread started: Thread Group 1-172 
2015/03/24 14:31:09 INFO  - jmeter.threads.JMeterThread: Thread started: Thread Group 1-173 
2015/03/24 14:31:09 INFO  - jmeter.threads.JMeterThread: Thread started: Thread Group 1-171 
2015/03/24 14:31:09 INFO  - jmeter.threads.JMeterThread: Thread started: Thread Group 1-174 
2015/03/24 14:31:09 INFO  - jmeter.threads.JMeterThread: Thread started: Thread Group 1-176 
2015/03/24 14:31:09 INFO  - jmeter.threads.JMeterThread: Thread started: Thread Group 1-175 
2015/03/24 14:31:09 INFO  - jmeter.threads.JMeterThread: Thread started: Thread Group 1-177 
2015/03/24 14:31:09 INFO  - jmeter.threads.JMeterThread: Thread started: Thread Group 1-178 
2015/03/24 14:31:09 INFO  - jmeter.threads.JMeterThread: Thread started: Thread Group 1-180 
2015/03/24 14:31:09 INFO  - jmeter.threads.JMeterThread: Thread started: Thread Group 1-179 
2015/03/24 14:31:09 INFO  - jmeter.threads.JMeterThread: Thread started: Thread Group 1-181 
2015/03/24 14:31:09 INFO  - jmeter.threads.JMeterThread: Thread started: Thread Group 1-182 
2015/03/24 14:31:09 INFO  - jmeter.threads.JMeterThread: Thread started: Thread Group 1-184 
2015/03/24 14:31:09 INFO  - jmeter.threads.JMeterThread: Thread started: Thread Group 1-185 
2015/03/24 14:31:09 INFO  - jmeter.threads.JMeterThread: Thread started: Thread Group 1-183 
2015/03/24 14:31:09 INFO  - jmeter.threads.JMeterThread: Thread started: Thread Group 1-186 
2015/03/24 14:31:09 INFO  - jmeter.threads.JMeterThread: Thread started: Thread Group 1-188 
2015/03/24 14:31:09 INFO  - jmeter.threads.JMeterThread: Thread started: Thread Group 1-187 
2015/03/24 14:31:09 INFO  - jmeter.threads.JMeterThread: Thread started: Thread Group 1-189 
2015/03/24 14:31:09 INFO  - jmeter.threads.JMeterThread: Thread started: Thread Group 1-190 
2015/03/24 14:31:09 INFO  - jmeter.threads.JMeterThread: Thread started: Thread Group 1-192 
2015/03/24 14:31:09 INFO  - jmeter.threads.JMeterThread: Thread started: Thread Group 1-191 
2015/03/24 14:31:09 INFO  - jmeter.threads.JMeterThread: Thread started: Thread Group 1-193 
2015/03/24 14:31:09 INFO  - jmeter.threads.JMeterThread: Thread started: Thread Group 1-194 
2015/03/24 14:31:09 INFO  - jmeter.threads.JMeterThread: Thread started: Thread Group 1-196 
2015/03/24 14:31:09 INFO  - jmeter.threads.JMeterThread: Thread started: Thread Group 1-195 
2015/03/24 14:31:09 INFO  - jmeter.threads.JMeterThread: Thread started: Thread Group 1-197 
2015/03/24 14:31:09 INFO  - jmeter.threads.JMeterThread: Thread started: Thread Group 1-198 
2015/03/24 14:31:09 INFO  - jmeter.threads.JMeterThread: Thread started: Thread Group 1-199 
2015/03/24 14:31:09 INFO  - jmeter.threads.JMeterThread: Thread started: Thread Group 1-200 
2015/03/24 16:15:39 INFO  - jmeter.reporters.ResultCollector: Shutdown hook started 
2015/03/24 16:15:39 INFO  - jmeter.reporters.ResultCollector: Shutdown hook ended 
